{"/Users/ajainvivek/Dev/preact-fluid/src/keyframes.js": {"path":"/Users/ajainvivek/Dev/preact-fluid/src/keyframes.js","statementMap":{"0":{"start":{"line":1,"column":0},"end":{"line":null,"column":-1}},"1":{"start":{"line":3,"column":6},"end":{"line":3,"column":0}},"2":{"start":{"line":14,"column":6},"end":{"line":14,"column":0}}},"fnMap":{},"branchMap":{},"s":{"0":0,"1":0,"2":0},"f":{},"b":{}}
,"/Users/ajainvivek/Dev/preact-fluid/src/test-helpers.js": {"path":"/Users/ajainvivek/Dev/preact-fluid/src/test-helpers.js","statementMap":{"0":{"start":{"line":9,"column":4},"end":{"line":9,"column":28}},"1":{"start":{"line":10,"column":22},"end":{"line":21,"column":5}},"2":{"start":{"line":11,"column":8},"end":{"line":13,"column":9}},"3":{"start":{"line":12,"column":12},"end":{"line":12,"column":36}},"4":{"start":{"line":14,"column":8},"end":{"line":16,"column":9}},"5":{"start":{"line":15,"column":12},"end":{"line":15,"column":19}},"6":{"start":{"line":17,"column":8},"end":{"line":19,"column":9}},"7":{"start":{"line":18,"column":12},"end":{"line":18,"column":56}},"8":{"start":{"line":20,"column":8},"end":{"line":20,"column":30}},"9":{"start":{"line":22,"column":4},"end":{"line":22,"column":36}},"10":{"start":{"line":23,"column":4},"end":{"line":27,"column":6}},"11":{"start":{"line":24,"column":33},"end":{"line":24,"column":70}},"12":{"start":{"line":25,"column":8},"end":{"line":25,"column":48}},"13":{"start":{"line":26,"column":8},"end":{"line":26,"column":48}},"14":{"start":{"line":33,"column":4},"end":{"line":35,"column":5}},"15":{"start":{"line":34,"column":8},"end":{"line":34,"column":44}},"16":{"start":{"line":38,"column":4},"end":{"line":38,"column":76}},"17":{"start":{"line":39,"column":4},"end":{"line":39,"column":30}},"18":{"start":{"line":41,"column":4},"end":{"line":45,"column":7}},"19":{"start":{"line":42,"column":8},"end":{"line":44,"column":11}},"20":{"start":{"line":43,"column":12},"end":{"line":43,"column":22}},"21":{"start":{"line":50,"column":4},"end":{"line":50,"column":56}},"22":{"start":{"line":51,"column":4},"end":{"line":51,"column":35}}},"fnMap":{"0":{"name":"createShallowRenderer","decl":{"start":{"line":8,"column":16},"end":{"line":8,"column":37}},"loc":{"start":{"line":8,"column":76},"end":{"line":28,"column":1}},"line":8},"1":{"name":"(anonymous_1)","decl":{"start":{"line":10,"column":22},"end":{"line":10,"column":23}},"loc":{"start":{"line":10,"column":30},"end":{"line":21,"column":5}},"line":10},"2":{"name":"(anonymous_2)","decl":{"start":{"line":23,"column":11},"end":{"line":23,"column":12}},"loc":{"start":{"line":23,"column":37},"end":{"line":27,"column":5}},"line":23},"3":{"name":"simulate","decl":{"start":{"line":31,"column":16},"end":{"line":31,"column":24}},"loc":{"start":{"line":31,"column":38},"end":{"line":46,"column":1}},"line":31},"4":{"name":"(anonymous_4)","decl":{"start":{"line":41,"column":23},"end":{"line":41,"column":24}},"loc":{"start":{"line":41,"column":34},"end":{"line":45,"column":5}},"line":41},"5":{"name":"(anonymous_5)","decl":{"start":{"line":42,"column":25},"end":{"line":42,"column":26}},"loc":{"start":{"line":42,"column":31},"end":{"line":44,"column":9}},"line":42},"6":{"name":"ContextWrapper","decl":{"start":{"line":49,"column":9},"end":{"line":49,"column":23}},"loc":{"start":{"line":49,"column":47},"end":{"line":52,"column":1}},"line":49}},"branchMap":{"0":{"loc":{"start":{"line":8,"column":38},"end":{"line":8,"column":74}},"type":"default-arg","locations":[{"start":{"line":8,"column":72},"end":{"line":8,"column":74}}],"line":8},"1":{"loc":{"start":{"line":8,"column":40},"end":{"line":8,"column":53}},"type":"default-arg","locations":[{"start":{"line":8,"column":49},"end":{"line":8,"column":53}}],"line":8},"2":{"loc":{"start":{"line":8,"column":55},"end":{"line":8,"column":67}},"type":"default-arg","locations":[{"start":{"line":8,"column":65},"end":{"line":8,"column":67}}],"line":8},"3":{"loc":{"start":{"line":11,"column":8},"end":{"line":13,"column":9}},"type":"if","locations":[{"start":{"line":11,"column":8},"end":{"line":13,"column":9}},{"start":{"line":11,"column":8},"end":{"line":13,"column":9}}],"line":11},"4":{"loc":{"start":{"line":14,"column":8},"end":{"line":16,"column":9}},"type":"if","locations":[{"start":{"line":14,"column":8},"end":{"line":16,"column":9}},{"start":{"line":14,"column":8},"end":{"line":16,"column":9}}],"line":14},"5":{"loc":{"start":{"line":17,"column":8},"end":{"line":19,"column":9}},"type":"if","locations":[{"start":{"line":17,"column":8},"end":{"line":19,"column":9}},{"start":{"line":17,"column":8},"end":{"line":19,"column":9}}],"line":17},"6":{"loc":{"start":{"line":33,"column":4},"end":{"line":35,"column":5}},"type":"if","locations":[{"start":{"line":33,"column":4},"end":{"line":35,"column":5}},{"start":{"line":33,"column":4},"end":{"line":35,"column":5}}],"line":33},"7":{"loc":{"start":{"line":38,"column":12},"end":{"line":38,"column":75}},"type":"cond-expr","locations":[{"start":{"line":38,"column":44},"end":{"line":38,"column":49}},{"start":{"line":38,"column":52},"end":{"line":38,"column":75}}],"line":38}},"s":{"0":1,"1":1,"2":4,"3":0,"4":4,"5":1,"6":3,"7":1,"8":3,"9":1,"10":1,"11":1,"12":1,"13":1,"14":0,"15":0,"16":0,"17":0,"18":0,"19":0,"20":0,"21":1,"22":1},"f":{"0":1,"1":4,"2":1,"3":0,"4":0,"5":0,"6":1},"b":{"0":[1],"1":[1],"2":[1],"3":[0,4],"4":[1,3],"5":[1,2],"6":[0,0],"7":[0,0]},"_coverageSchema":"332fd63041d2c1bcb487cc26dd0d5f7d97098a6c","hash":"d503ab25796a616c2d245198b8b72450ce747bca"}
,"/Users/ajainvivek/Dev/preact-fluid/src/theme.js": {"path":"/Users/ajainvivek/Dev/preact-fluid/src/theme.js","statementMap":{"0":{"start":{"line":4,"column":9},"end":{"line":4,"column":1}},"1":{"start":{"line":5,"column":9},"end":{"line":5,"column":1}},"2":{"start":{"line":6,"column":9},"end":{"line":6,"column":1}},"3":{"start":{"line":8,"column":1},"end":{"line":null,"column":-1}},"4":{"start":{"line":9,"column":1},"end":{"line":null,"column":-1}},"5":{"start":{"line":10,"column":1},"end":{"line":null,"column":-1}},"6":{"start":{"line":12,"column":1},"end":{"line":null,"column":-1}},"7":{"start":{"line":13,"column":1},"end":{"line":null,"column":-1}},"8":{"start":{"line":14,"column":1},"end":{"line":null,"column":-1}},"9":{"start":{"line":16,"column":14},"end":{"line":16,"column":1}},"10":{"start":{"line":17,"column":14},"end":{"line":17,"column":1}},"11":{"start":{"line":18,"column":14},"end":{"line":18,"column":1}},"12":{"start":{"line":20,"column":1},"end":{"line":null,"column":-1}},"13":{"start":{"line":23,"column":22},"end":{"line":23,"column":0}},"14":{"start":{"line":24,"column":23},"end":{"line":24,"column":0}},"15":{"start":{"line":25,"column":18},"end":{"line":25,"column":0}},"16":{"start":{"line":26,"column":18},"end":{"line":26,"column":0}},"17":{"start":{"line":27,"column":19},"end":{"line":27,"column":0}},"18":{"start":{"line":28,"column":18},"end":{"line":28,"column":0}},"19":{"start":{"line":29,"column":20},"end":{"line":29,"column":0}},"20":{"start":{"line":30,"column":16},"end":{"line":30,"column":0}},"21":{"start":{"line":31,"column":28},"end":{"line":31,"column":0}},"22":{"start":{"line":32,"column":28},"end":{"line":32,"column":0}},"23":{"start":{"line":33,"column":26},"end":{"line":33,"column":0}},"24":{"start":{"line":34,"column":18},"end":{"line":34,"column":0}},"25":{"start":{"line":35,"column":23},"end":{"line":35,"column":0}},"26":{"start":{"line":36,"column":22},"end":{"line":36,"column":0}},"27":{"start":{"line":37,"column":24},"end":{"line":37,"column":0}}},"fnMap":{"0":{"name":"shadeColor","decl":{"start":{"line":2,"column":9},"end":{"line":2,"column":0}},"loc":{"start":{"line":2,"column":37},"end":{"line":21,"column":1}}}},"branchMap":{"0":{"loc":{"start":{"line":12,"column":13},"end":{"line":12,"column":5}},"type":"cond-expr","locations":[{"start":{"line":12,"column":13},"end":{"line":12,"column":5}},{"start":{"line":12,"column":15},"end":{"line":12,"column":1}}]},"1":{"loc":{"start":{"line":13,"column":13},"end":{"line":13,"column":5}},"type":"cond-expr","locations":[{"start":{"line":13,"column":13},"end":{"line":13,"column":5}},{"start":{"line":13,"column":15},"end":{"line":13,"column":1}}]},"2":{"loc":{"start":{"line":14,"column":13},"end":{"line":14,"column":5}},"type":"cond-expr","locations":[{"start":{"line":14,"column":13},"end":{"line":14,"column":5}},{"start":{"line":14,"column":15},"end":{"line":14,"column":1}}]},"3":{"loc":{"start":{"line":16,"column":43},"end":{"line":16,"column":13}},"type":"cond-expr","locations":[{"start":{"line":16,"column":43},"end":{"line":16,"column":13}},{"start":{"line":16,"column":62},"end":{"line":16,"column":1}}]},"4":{"loc":{"start":{"line":17,"column":43},"end":{"line":17,"column":13}},"type":"cond-expr","locations":[{"start":{"line":17,"column":43},"end":{"line":17,"column":13}},{"start":{"line":17,"column":62},"end":{"line":17,"column":1}}]},"5":{"loc":{"start":{"line":18,"column":43},"end":{"line":18,"column":13}},"type":"cond-expr","locations":[{"start":{"line":18,"column":43},"end":{"line":18,"column":13}},{"start":{"line":18,"column":62},"end":{"line":18,"column":1}}]}},"s":{"0":0,"1":0,"2":0,"3":0,"4":0,"5":0,"6":0,"7":0,"8":0,"9":0,"10":0,"11":0,"12":0,"13":0,"14":0,"15":0,"16":0,"17":0,"18":0,"19":0,"20":0,"21":0,"22":0,"23":0,"24":0,"25":0,"26":0,"27":0},"f":{"0":0},"b":{"0":[0,0],"1":[0,0],"2":[0,0],"3":[0,0],"4":[0,0],"5":[0,0]}}
,"/Users/ajainvivek/Dev/preact-fluid/src/Animate/Animate.js": {"path":"/Users/ajainvivek/Dev/preact-fluid/src/Animate/Animate.js","statementMap":{"0":{"start":{"line":1,"column":0},"end":{"line":null,"column":-1}},"1":{"start":{"line":2,"column":0},"end":{"line":null,"column":-1}},"2":{"start":{"line":3,"column":0},"end":{"line":null,"column":-1}},"3":{"start":{"line":4,"column":0},"end":{"line":null,"column":-1}},"4":{"start":{"line":72,"column":30},"end":{"line":71,"column":33}},"5":{"start":{"line":73,"column":8},"end":{"line":75,"column":9}},"6":{"start":{"line":74,"column":12},"end":{"line":null,"column":-1}},"7":{"start":{"line":79,"column":30},"end":{"line":78,"column":36}},"8":{"start":{"line":80,"column":8},"end":{"line":82,"column":9}},"9":{"start":{"line":81,"column":12},"end":{"line":null,"column":-1}},"10":{"start":{"line":86,"column":30},"end":{"line":85,"column":37}},"11":{"start":{"line":87,"column":8},"end":{"line":89,"column":9}},"12":{"start":{"line":88,"column":12},"end":{"line":null,"column":-1}},"13":{"start":{"line":47,"column":30},"end":{"line":46,"column":25}},"14":{"start":{"line":48,"column":8},"end":{"line":null,"column":-1}},"15":{"start":{"line":48,"column":25},"end":{"line":null,"column":-1}},"16":{"start":{"line":55,"column":8},"end":{"line":68,"column":9}},"17":{"start":{"line":56,"column":12},"end":{"line":null,"column":-1}},"18":{"start":{"line":59,"column":12},"end":{"line":null,"column":-1}},"19":{"start":{"line":62,"column":12},"end":{"line":null,"column":-1}},"20":{"start":{"line":92,"column":13},"end":{"line":null,"column":-1}},"21":{"start":{"line":93,"column":42},"end":{"line":92,"column":13}},"22":{"start":{"line":92,"column":13},"end":{"line":92,"column":12}},"23":{"start":{"line":104,"column":12},"end":{"line":92,"column":13}},"24":{"start":{"line":106,"column":21},"end":{"line":106,"column":8}},"25":{"start":{"line":108,"column":34},"end":{"line":108,"column":8}},"26":{"start":{"line":124,"column":8},"end":{"line":null,"column":-1}},"27":{"start":{"line":124,"column":44},"end":{"line":null,"column":-1}}},"fnMap":{"0":{"name":"(anonymous_15)","decl":{"start":{"line":48,"column":25},"end":{"line":null,"column":-1}},"loc":{"start":{"line":48,"column":25},"end":{"line":48,"column":8}}},"1":{"name":"innerRef","decl":{"start":{"line":124,"column":44},"end":{"line":null,"column":-1}},"loc":{"start":{"line":124,"column":44},"end":{"line":124,"column":15}}}},"branchMap":{"0":{"loc":{"start":{"line":73,"column":8},"end":{"line":75,"column":9}},"type":"if","locations":[{"start":{"line":73,"column":8},"end":{"line":75,"column":9}},{"start":{"line":73,"column":8},"end":{"line":75,"column":9}}]},"1":{"loc":{"start":{"line":73,"column":12},"end":{"line":73,"column":24}},"type":"binary-expr","locations":[{"start":{"line":73,"column":12},"end":{"line":73,"column":24}},{"start":{"line":73,"column":25},"end":{"line":73,"column":8}}]},"2":{"loc":{"start":{"line":80,"column":8},"end":{"line":82,"column":9}},"type":"if","locations":[{"start":{"line":80,"column":8},"end":{"line":82,"column":9}},{"start":{"line":80,"column":8},"end":{"line":82,"column":9}}]},"3":{"loc":{"start":{"line":80,"column":12},"end":{"line":80,"column":24}},"type":"binary-expr","locations":[{"start":{"line":80,"column":12},"end":{"line":80,"column":24}},{"start":{"line":80,"column":25},"end":{"line":80,"column":8}}]},"4":{"loc":{"start":{"line":87,"column":8},"end":{"line":89,"column":9}},"type":"if","locations":[{"start":{"line":87,"column":8},"end":{"line":89,"column":9}},{"start":{"line":87,"column":8},"end":{"line":89,"column":9}}]},"5":{"loc":{"start":{"line":87,"column":12},"end":{"line":87,"column":24}},"type":"binary-expr","locations":[{"start":{"line":87,"column":12},"end":{"line":87,"column":24}},{"start":{"line":87,"column":25},"end":{"line":87,"column":8}}]},"6":{"loc":{"start":{"line":55,"column":8},"end":{"line":68,"column":9}},"type":"if","locations":[{"start":{"line":55,"column":8},"end":{"line":68,"column":9}},{"start":{"line":55,"column":8},"end":{"line":68,"column":9}}]},"7":{"loc":{"start":{"line":93,"column":35},"end":{"line":92,"column":13}},"type":"cond-expr","locations":[{"start":{"line":93,"column":35},"end":{"line":92,"column":13}},{"start":{"line":92,"column":13},"end":{"line":null,"column":-1}}]},"8":{"loc":{"start":{"line":96,"column":23},"end":{"line":92,"column":13}},"type":"cond-expr","locations":[{"start":{"line":96,"column":23},"end":{"line":92,"column":13}},{"start":{"line":92,"column":13},"end":{"line":null,"column":-1}}]},"9":{"loc":{"start":{"line":97,"column":29},"end":{"line":92,"column":13}},"type":"cond-expr","locations":[{"start":{"line":97,"column":29},"end":{"line":92,"column":13}},{"start":{"line":92,"column":13},"end":{"line":null,"column":-1}}]},"10":{"loc":{"start":{"line":98,"column":20},"end":{"line":92,"column":13}},"type":"cond-expr","locations":[{"start":{"line":98,"column":20},"end":{"line":92,"column":13}},{"start":{"line":92,"column":13},"end":{"line":null,"column":-1}}]},"11":{"loc":{"start":{"line":99,"column":29},"end":{"line":92,"column":13}},"type":"cond-expr","locations":[{"start":{"line":99,"column":29},"end":{"line":92,"column":13}},{"start":{"line":92,"column":13},"end":{"line":null,"column":-1}}]},"12":{"loc":{"start":{"line":100,"column":24},"end":{"line":92,"column":13}},"type":"cond-expr","locations":[{"start":{"line":100,"column":24},"end":{"line":92,"column":13}},{"start":{"line":92,"column":13},"end":{"line":null,"column":-1}}]},"13":{"loc":{"start":{"line":101,"column":23},"end":{"line":92,"column":13}},"type":"cond-expr","locations":[{"start":{"line":101,"column":23},"end":{"line":92,"column":13}},{"start":{"line":92,"column":13},"end":{"line":null,"column":-1}}]},"14":{"loc":{"start":{"line":102,"column":24},"end":{"line":92,"column":13}},"type":"cond-expr","locations":[{"start":{"line":102,"column":24},"end":{"line":92,"column":13}},{"start":{"line":92,"column":13},"end":{"line":null,"column":-1}}]},"15":{"loc":{"start":{"line":103,"column":21},"end":{"line":92,"column":13}},"type":"cond-expr","locations":[{"start":{"line":103,"column":21},"end":{"line":92,"column":13}},{"start":{"line":92,"column":13},"end":{"line":null,"column":-1}}]},"16":{"loc":{"start":{"line":106,"column":21},"end":{"line":106,"column":50}},"type":"binary-expr","locations":[{"start":{"line":106,"column":21},"end":{"line":106,"column":50}},{"start":{"line":106,"column":51},"end":{"line":106,"column":21}},{"start":{"line":106,"column":69},"end":{"line":106,"column":8}}]},"17":{"loc":{"start":{"line":111,"column":14},"end":{"line":113,"column":37}},"type":"binary-expr","locations":[{"start":{"line":111,"column":14},"end":{"line":113,"column":37}},{"start":{"line":111,"column":14},"end":{"line":108,"column":14}}]}},"s":{"0":0,"1":0,"2":0,"3":0,"4":0,"5":0,"6":0,"7":0,"8":0,"9":0,"10":0,"11":0,"12":0,"13":0,"14":0,"15":0,"16":0,"17":0,"18":0,"19":0,"20":0,"21":0,"22":0,"23":0,"24":0,"25":0,"26":0,"27":0},"f":{"0":0,"1":0},"b":{"0":[0,0],"1":[0,0],"2":[0,0],"3":[0,0],"4":[0,0],"5":[0,0],"6":[0,0],"7":[0,0],"8":[0,0],"9":[0,0],"10":[0,0],"11":[0,0],"12":[0,0],"13":[0,0],"14":[0,0],"15":[0,0],"16":[0,0,0],"17":[0,0]}}
,"/Users/ajainvivek/Dev/preact-fluid/src/Animations/fadeIn.js": {"path":"/Users/ajainvivek/Dev/preact-fluid/src/Animations/fadeIn.js","statementMap":{"0":{"start":{"line":1,"column":0},"end":{"line":null,"column":-1}},"1":{"start":{"line":3,"column":6},"end":{"line":3,"column":0}}},"fnMap":{},"branchMap":{},"s":{"0":0,"1":0},"f":{},"b":{}}
,"/Users/ajainvivek/Dev/preact-fluid/src/Animations/fadeInPulse.js": {"path":"/Users/ajainvivek/Dev/preact-fluid/src/Animations/fadeInPulse.js","statementMap":{"0":{"start":{"line":1,"column":0},"end":{"line":null,"column":-1}},"1":{"start":{"line":3,"column":6},"end":{"line":3,"column":0}}},"fnMap":{},"branchMap":{},"s":{"0":0,"1":0},"f":{},"b":{}}
,"/Users/ajainvivek/Dev/preact-fluid/src/Animations/fallPerspective.js": {"path":"/Users/ajainvivek/Dev/preact-fluid/src/Animations/fallPerspective.js","statementMap":{"0":{"start":{"line":1,"column":0},"end":{"line":null,"column":-1}},"1":{"start":{"line":3,"column":6},"end":{"line":3,"column":0}}},"fnMap":{},"branchMap":{},"s":{"0":0,"1":0},"f":{},"b":{}}
,"/Users/ajainvivek/Dev/preact-fluid/src/Animations/flip.js": {"path":"/Users/ajainvivek/Dev/preact-fluid/src/Animations/flip.js","statementMap":{"0":{"start":{"line":1,"column":0},"end":{"line":null,"column":-1}},"1":{"start":{"line":3,"column":6},"end":{"line":3,"column":0}}},"fnMap":{},"branchMap":{},"s":{"0":0,"1":0},"f":{},"b":{}}
,"/Users/ajainvivek/Dev/preact-fluid/src/Animations/helix.js": {"path":"/Users/ajainvivek/Dev/preact-fluid/src/Animations/helix.js","statementMap":{"0":{"start":{"line":1,"column":0},"end":{"line":null,"column":-1}},"1":{"start":{"line":3,"column":6},"end":{"line":3,"column":0}}},"fnMap":{},"branchMap":{},"s":{"0":0,"1":0},"f":{},"b":{}}
,"/Users/ajainvivek/Dev/preact-fluid/src/Animations/index.js": {"path":"/Users/ajainvivek/Dev/preact-fluid/src/Animations/index.js","statementMap":{"0":{"start":{"line":1,"column":0},"end":{"line":null,"column":-1}},"1":{"start":{"line":2,"column":0},"end":{"line":null,"column":-1}},"2":{"start":{"line":3,"column":0},"end":{"line":null,"column":-1}},"3":{"start":{"line":4,"column":0},"end":{"line":null,"column":-1}},"4":{"start":{"line":5,"column":0},"end":{"line":null,"column":-1}},"5":{"start":{"line":6,"column":0},"end":{"line":null,"column":-1}},"6":{"start":{"line":7,"column":0},"end":{"line":null,"column":-1}},"7":{"start":{"line":8,"column":0},"end":{"line":null,"column":-1}},"8":{"start":{"line":9,"column":0},"end":{"line":null,"column":-1}},"9":{"start":{"line":10,"column":0},"end":{"line":null,"column":-1}},"10":{"start":{"line":11,"column":0},"end":{"line":null,"column":-1}},"11":{"start":{"line":12,"column":0},"end":{"line":null,"column":-1}},"12":{"start":{"line":13,"column":0},"end":{"line":null,"column":-1}},"13":{"start":{"line":14,"column":0},"end":{"line":null,"column":-1}},"14":{"start":{"line":15,"column":0},"end":{"line":null,"column":-1}},"15":{"start":{"line":16,"column":0},"end":{"line":null,"column":-1}},"16":{"start":{"line":17,"column":0},"end":{"line":null,"column":-1}},"17":{"start":{"line":18,"column":0},"end":{"line":null,"column":-1}},"18":{"start":{"line":19,"column":0},"end":{"line":null,"column":-1}},"19":{"start":{"line":20,"column":0},"end":{"line":null,"column":-1}},"20":{"start":{"line":21,"column":0},"end":{"line":null,"column":-1}},"21":{"start":{"line":22,"column":0},"end":{"line":null,"column":-1}},"22":{"start":{"line":23,"column":0},"end":{"line":null,"column":-1}},"23":{"start":{"line":24,"column":0},"end":{"line":null,"column":-1}},"24":{"start":{"line":25,"column":0},"end":{"line":null,"column":-1}},"25":{"start":{"line":26,"column":0},"end":{"line":null,"column":-1}},"26":{"start":{"line":27,"column":0},"end":{"line":null,"column":-1}},"27":{"start":{"line":28,"column":0},"end":{"line":null,"column":-1}},"28":{"start":{"line":29,"column":0},"end":{"line":null,"column":-1}},"29":{"start":{"line":30,"column":0},"end":{"line":null,"column":-1}}},"fnMap":{},"branchMap":{},"s":{"0":0,"1":0,"2":0,"3":0,"4":0,"5":0,"6":0,"7":0,"8":0,"9":0,"10":0,"11":0,"12":0,"13":0,"14":0,"15":0,"16":0,"17":0,"18":0,"19":0,"20":0,"21":0,"22":0,"23":0,"24":0,"25":0,"26":0,"27":0,"28":0,"29":0},"f":{},"b":{}}
,"/Users/ajainvivek/Dev/preact-fluid/src/Animations/moveUp.js": {"path":"/Users/ajainvivek/Dev/preact-fluid/src/Animations/moveUp.js","statementMap":{"0":{"start":{"line":1,"column":0},"end":{"line":null,"column":-1}},"1":{"start":{"line":3,"column":6},"end":{"line":3,"column":0}}},"fnMap":{},"branchMap":{},"s":{"0":0,"1":0},"f":{},"b":{}}
,"/Users/ajainvivek/Dev/preact-fluid/src/Animations/perspectiveDown.js": {"path":"/Users/ajainvivek/Dev/preact-fluid/src/Animations/perspectiveDown.js","statementMap":{"0":{"start":{"line":1,"column":0},"end":{"line":null,"column":-1}},"1":{"start":{"line":3,"column":6},"end":{"line":3,"column":0}}},"fnMap":{},"branchMap":{},"s":{"0":0,"1":0},"f":{},"b":{}}
,"/Users/ajainvivek/Dev/preact-fluid/src/Animations/perspectiveLeft.js": {"path":"/Users/ajainvivek/Dev/preact-fluid/src/Animations/perspectiveLeft.js","statementMap":{"0":{"start":{"line":1,"column":0},"end":{"line":null,"column":-1}},"1":{"start":{"line":3,"column":6},"end":{"line":3,"column":0}}},"fnMap":{},"branchMap":{},"s":{"0":0,"1":0},"f":{},"b":{}}
,"/Users/ajainvivek/Dev/preact-fluid/src/Animations/perspectiveRight.js": {"path":"/Users/ajainvivek/Dev/preact-fluid/src/Animations/perspectiveRight.js","statementMap":{"0":{"start":{"line":1,"column":0},"end":{"line":null,"column":-1}},"1":{"start":{"line":3,"column":6},"end":{"line":3,"column":0}}},"fnMap":{},"branchMap":{},"s":{"0":0,"1":0},"f":{},"b":{}}
,"/Users/ajainvivek/Dev/preact-fluid/src/Animations/perspectiveUp.js": {"path":"/Users/ajainvivek/Dev/preact-fluid/src/Animations/perspectiveUp.js","statementMap":{"0":{"start":{"line":1,"column":0},"end":{"line":null,"column":-1}},"1":{"start":{"line":3,"column":6},"end":{"line":3,"column":0}}},"fnMap":{},"branchMap":{},"s":{"0":0,"1":0},"f":{},"b":{}}
,"/Users/ajainvivek/Dev/preact-fluid/src/Animations/pop.js": {"path":"/Users/ajainvivek/Dev/preact-fluid/src/Animations/pop.js","statementMap":{"0":{"start":{"line":1,"column":0},"end":{"line":null,"column":-1}},"1":{"start":{"line":3,"column":6},"end":{"line":3,"column":0}}},"fnMap":{},"branchMap":{},"s":{"0":0,"1":0},"f":{},"b":{}}
,"/Users/ajainvivek/Dev/preact-fluid/src/Animations/popDownwards.js": {"path":"/Users/ajainvivek/Dev/preact-fluid/src/Animations/popDownwards.js","statementMap":{"0":{"start":{"line":1,"column":0},"end":{"line":null,"column":-1}},"1":{"start":{"line":3,"column":6},"end":{"line":3,"column":0}}},"fnMap":{},"branchMap":{},"s":{"0":0,"1":0},"f":{},"b":{}}
,"/Users/ajainvivek/Dev/preact-fluid/src/Animations/popUpwards.js": {"path":"/Users/ajainvivek/Dev/preact-fluid/src/Animations/popUpwards.js","statementMap":{"0":{"start":{"line":1,"column":0},"end":{"line":null,"column":-1}},"1":{"start":{"line":3,"column":6},"end":{"line":3,"column":0}}},"fnMap":{},"branchMap":{},"s":{"0":0,"1":0},"f":{},"b":{}}
,"/Users/ajainvivek/Dev/preact-fluid/src/Animations/puffIn.js": {"path":"/Users/ajainvivek/Dev/preact-fluid/src/Animations/puffIn.js","statementMap":{"0":{"start":{"line":1,"column":0},"end":{"line":null,"column":-1}},"1":{"start":{"line":3,"column":6},"end":{"line":3,"column":0}}},"fnMap":{},"branchMap":{},"s":{"0":0,"1":0},"f":{},"b":{}}
,"/Users/ajainvivek/Dev/preact-fluid/src/Animations/puffOut.js": {"path":"/Users/ajainvivek/Dev/preact-fluid/src/Animations/puffOut.js","statementMap":{"0":{"start":{"line":1,"column":0},"end":{"line":null,"column":-1}},"1":{"start":{"line":3,"column":6},"end":{"line":3,"column":0}}},"fnMap":{},"branchMap":{},"s":{"0":0,"1":0},"f":{},"b":{}}
,"/Users/ajainvivek/Dev/preact-fluid/src/Animations/pulseShadow.js": {"path":"/Users/ajainvivek/Dev/preact-fluid/src/Animations/pulseShadow.js","statementMap":{"0":{"start":{"line":1,"column":0},"end":{"line":null,"column":-1}},"1":{"start":{"line":3,"column":6},"end":{"line":3,"column":0}}},"fnMap":{},"branchMap":{},"s":{"0":0,"1":0},"f":{},"b":{}}
,"/Users/ajainvivek/Dev/preact-fluid/src/Animations/rotate.js": {"path":"/Users/ajainvivek/Dev/preact-fluid/src/Animations/rotate.js","statementMap":{"0":{"start":{"line":1,"column":0},"end":{"line":null,"column":-1}},"1":{"start":{"line":3,"column":6},"end":{"line":3,"column":0}}},"fnMap":{},"branchMap":{},"s":{"0":0,"1":0},"f":{},"b":{}}
,"/Users/ajainvivek/Dev/preact-fluid/src/Animations/scaleUp.js": {"path":"/Users/ajainvivek/Dev/preact-fluid/src/Animations/scaleUp.js","statementMap":{"0":{"start":{"line":1,"column":0},"end":{"line":null,"column":-1}},"1":{"start":{"line":3,"column":6},"end":{"line":3,"column":0}}},"fnMap":{},"branchMap":{},"s":{"0":0,"1":0},"f":{},"b":{}}
,"/Users/ajainvivek/Dev/preact-fluid/src/Animations/shake.js": {"path":"/Users/ajainvivek/Dev/preact-fluid/src/Animations/shake.js","statementMap":{"0":{"start":{"line":1,"column":0},"end":{"line":null,"column":-1}},"1":{"start":{"line":3,"column":6},"end":{"line":3,"column":0}}},"fnMap":{},"branchMap":{},"s":{"0":0,"1":0},"f":{},"b":{}}
,"/Users/ajainvivek/Dev/preact-fluid/src/Animations/shimmyShake.js": {"path":"/Users/ajainvivek/Dev/preact-fluid/src/Animations/shimmyShake.js","statementMap":{"0":{"start":{"line":1,"column":0},"end":{"line":null,"column":-1}},"1":{"start":{"line":3,"column":6},"end":{"line":3,"column":0}}},"fnMap":{},"branchMap":{},"s":{"0":0,"1":0},"f":{},"b":{}}
,"/Users/ajainvivek/Dev/preact-fluid/src/Animations/slideDown.js": {"path":"/Users/ajainvivek/Dev/preact-fluid/src/Animations/slideDown.js","statementMap":{"0":{"start":{"line":1,"column":0},"end":{"line":null,"column":-1}},"1":{"start":{"line":3,"column":6},"end":{"line":3,"column":0}}},"fnMap":{},"branchMap":{},"s":{"0":0,"1":0},"f":{},"b":{}}
,"/Users/ajainvivek/Dev/preact-fluid/src/Animations/slideIn.js": {"path":"/Users/ajainvivek/Dev/preact-fluid/src/Animations/slideIn.js","statementMap":{"0":{"start":{"line":1,"column":0},"end":{"line":null,"column":-1}},"1":{"start":{"line":3,"column":6},"end":{"line":3,"column":0}}},"fnMap":{},"branchMap":{},"s":{"0":0,"1":0},"f":{},"b":{}}
,"/Users/ajainvivek/Dev/preact-fluid/src/Animations/slideInRight.js": {"path":"/Users/ajainvivek/Dev/preact-fluid/src/Animations/slideInRight.js","statementMap":{"0":{"start":{"line":1,"column":0},"end":{"line":null,"column":-1}},"1":{"start":{"line":3,"column":6},"end":{"line":3,"column":0}}},"fnMap":{},"branchMap":{},"s":{"0":0,"1":0},"f":{},"b":{}}
,"/Users/ajainvivek/Dev/preact-fluid/src/Animations/slideLeft.js": {"path":"/Users/ajainvivek/Dev/preact-fluid/src/Animations/slideLeft.js","statementMap":{"0":{"start":{"line":1,"column":0},"end":{"line":null,"column":-1}},"1":{"start":{"line":3,"column":6},"end":{"line":3,"column":0}}},"fnMap":{},"branchMap":{},"s":{"0":0,"1":0},"f":{},"b":{}}
,"/Users/ajainvivek/Dev/preact-fluid/src/Animations/slideOut.js": {"path":"/Users/ajainvivek/Dev/preact-fluid/src/Animations/slideOut.js","statementMap":{"0":{"start":{"line":1,"column":0},"end":{"line":null,"column":-1}},"1":{"start":{"line":3,"column":6},"end":{"line":3,"column":0}}},"fnMap":{},"branchMap":{},"s":{"0":0,"1":0},"f":{},"b":{}}
,"/Users/ajainvivek/Dev/preact-fluid/src/Animations/slideRight.js": {"path":"/Users/ajainvivek/Dev/preact-fluid/src/Animations/slideRight.js","statementMap":{"0":{"start":{"line":1,"column":0},"end":{"line":null,"column":-1}},"1":{"start":{"line":3,"column":6},"end":{"line":3,"column":0}}},"fnMap":{},"branchMap":{},"s":{"0":0,"1":0},"f":{},"b":{}}
,"/Users/ajainvivek/Dev/preact-fluid/src/Animations/slideRightLeft.js": {"path":"/Users/ajainvivek/Dev/preact-fluid/src/Animations/slideRightLeft.js","statementMap":{"0":{"start":{"line":1,"column":0},"end":{"line":null,"column":-1}},"1":{"start":{"line":3,"column":6},"end":{"line":3,"column":0}}},"fnMap":{},"branchMap":{},"s":{"0":0,"1":0},"f":{},"b":{}}
,"/Users/ajainvivek/Dev/preact-fluid/src/Animations/slideUp.js": {"path":"/Users/ajainvivek/Dev/preact-fluid/src/Animations/slideUp.js","statementMap":{"0":{"start":{"line":1,"column":0},"end":{"line":null,"column":-1}},"1":{"start":{"line":3,"column":6},"end":{"line":3,"column":0}}},"fnMap":{},"branchMap":{},"s":{"0":0,"1":0},"f":{},"b":{}}
,"/Users/ajainvivek/Dev/preact-fluid/src/Animations/vanishIn.js": {"path":"/Users/ajainvivek/Dev/preact-fluid/src/Animations/vanishIn.js","statementMap":{"0":{"start":{"line":1,"column":0},"end":{"line":null,"column":-1}},"1":{"start":{"line":3,"column":6},"end":{"line":3,"column":0}}},"fnMap":{},"branchMap":{},"s":{"0":0,"1":0},"f":{},"b":{}}
,"/Users/ajainvivek/Dev/preact-fluid/src/Animations/vanishOut.js": {"path":"/Users/ajainvivek/Dev/preact-fluid/src/Animations/vanishOut.js","statementMap":{"0":{"start":{"line":1,"column":0},"end":{"line":null,"column":-1}},"1":{"start":{"line":3,"column":6},"end":{"line":3,"column":0}}},"fnMap":{},"branchMap":{},"s":{"0":0,"1":0},"f":{},"b":{}}
,"/Users/ajainvivek/Dev/preact-fluid/src/AppBar/AppBar.js": {"path":"/Users/ajainvivek/Dev/preact-fluid/src/AppBar/AppBar.js","statementMap":{"0":{"start":{"line":1,"column":0},"end":{"line":null,"column":-1}},"1":{"start":{"line":2,"column":0},"end":{"line":null,"column":-1}},"2":{"start":{"line":3,"column":0},"end":{"line":null,"column":-1}},"3":{"start":{"line":5,"column":0},"end":{"line":null,"column":-1}},"4":{"start":{"line":6,"column":0},"end":{"line":null,"column":-1}},"5":{"start":{"line":60,"column":46},"end":{"line":59,"column":17}},"6":{"start":{"line":59,"column":17},"end":{"line":59,"column":16}},"7":{"start":{"line":59,"column":17},"end":{"line":null,"column":-1}},"8":{"start":{"line":62,"column":8},"end":{"line":64,"column":9}},"9":{"start":{"line":63,"column":12},"end":{"line":null,"column":-1}},"10":{"start":{"line":66,"column":8},"end":{"line":null,"column":-1}},"11":{"start":{"line":76,"column":12},"end":{"line":69,"column":13}},"12":{"start":{"line":69,"column":13},"end":{"line":69,"column":12}},"13":{"start":{"line":78,"column":26},"end":{"line":69,"column":13}},"14":{"start":{"line":80,"column":8},"end":{"line":null,"column":-1}},"15":{"start":{"line":99,"column":0},"end":{"line":null,"column":-1}},"16":{"start":{"line":104,"column":0},"end":{"line":null,"column":-1}}},"fnMap":{},"branchMap":{"0":{"loc":{"start":{"line":60,"column":23},"end":{"line":59,"column":17}},"type":"cond-expr","locations":[{"start":{"line":60,"column":23},"end":{"line":59,"column":17}},{"start":{"line":59,"column":17},"end":{"line":null,"column":-1}}]},"1":{"loc":{"start":{"line":60,"column":39},"end":{"line":59,"column":17}},"type":"cond-expr","locations":[{"start":{"line":60,"column":39},"end":{"line":59,"column":17}},{"start":{"line":59,"column":17},"end":{"line":null,"column":-1}}]},"2":{"loc":{"start":{"line":62,"column":8},"end":{"line":64,"column":9}},"type":"if","locations":[{"start":{"line":62,"column":8},"end":{"line":64,"column":9}},{"start":{"line":62,"column":8},"end":{"line":64,"column":9}}]}},"s":{"0":0,"1":0,"2":0,"3":0,"4":0,"5":0,"6":0,"7":0,"8":0,"9":0,"10":0,"11":0,"12":0,"13":0,"14":0,"15":0,"16":0},"f":{},"b":{"0":[0,0],"1":[0,0],"2":[0,0]}}
,"/Users/ajainvivek/Dev/preact-fluid/src/AppBar/styles.js": {"path":"/Users/ajainvivek/Dev/preact-fluid/src/AppBar/styles.js","statementMap":{"0":{"start":{"line":1,"column":0},"end":{"line":null,"column":-1}},"1":{"start":{"line":2,"column":0},"end":{"line":null,"column":-1}},"2":{"start":{"line":4,"column":21},"end":{"line":4,"column":0}},"3":{"start":{"line":14,"column":18},"end":{"line":null,"column":-1}},"4":{"start":{"line":22,"column":6},"end":{"line":null,"column":-1}},"5":{"start":{"line":25,"column":26},"end":{"line":null,"column":-1}},"6":{"start":{"line":26,"column":21},"end":{"line":null,"column":-1}},"7":{"start":{"line":27,"column":13},"end":{"line":null,"column":-1}},"8":{"start":{"line":30,"column":30},"end":{"line":null,"column":-1}},"9":{"start":{"line":31,"column":25},"end":{"line":null,"column":-1}},"10":{"start":{"line":35,"column":19},"end":{"line":35,"column":0}},"11":{"start":{"line":40,"column":22},"end":{"line":40,"column":0}},"12":{"start":{"line":50,"column":0},"end":{"line":null,"column":-1}}},"fnMap":{"0":{"name":"(anonymous_2)","decl":{"start":{"line":14,"column":18},"end":{"line":null,"column":-1}},"loc":{"start":{"line":14,"column":18},"end":{"line":4,"column":6}}},"1":{"name":"(anonymous_3)","decl":{"start":{"line":22,"column":6},"end":{"line":null,"column":-1}},"loc":{"start":{"line":22,"column":6},"end":{"line":4,"column":6}}},"2":{"name":"(anonymous_4)","decl":{"start":{"line":25,"column":26},"end":{"line":null,"column":-1}},"loc":{"start":{"line":25,"column":26},"end":{"line":23,"column":8}}},"3":{"name":"(anonymous_5)","decl":{"start":{"line":26,"column":21},"end":{"line":null,"column":-1}},"loc":{"start":{"line":26,"column":21},"end":{"line":23,"column":8}}},"4":{"name":"(anonymous_6)","decl":{"start":{"line":27,"column":13},"end":{"line":null,"column":-1}},"loc":{"start":{"line":27,"column":13},"end":{"line":4,"column":6}}},"5":{"name":"(anonymous_7)","decl":{"start":{"line":30,"column":30},"end":{"line":null,"column":-1}},"loc":{"start":{"line":30,"column":30},"end":{"line":28,"column":12}}},"6":{"name":"(anonymous_8)","decl":{"start":{"line":31,"column":25},"end":{"line":null,"column":-1}},"loc":{"start":{"line":31,"column":25},"end":{"line":28,"column":12}}}},"branchMap":{"0":{"loc":{"start":{"line":23,"column":8},"end":{"line":23,"column":7}},"type":"binary-expr","locations":[{"start":{"line":23,"column":8},"end":{"line":23,"column":7}},{"start":{"line":23,"column":8},"end":{"line":22,"column":6}}]},"1":{"loc":{"start":{"line":28,"column":12},"end":{"line":28,"column":11}},"type":"binary-expr","locations":[{"start":{"line":28,"column":12},"end":{"line":28,"column":11}},{"start":{"line":28,"column":12},"end":{"line":27,"column":13}}]}},"s":{"0":0,"1":0,"2":0,"3":0,"4":0,"5":0,"6":0,"7":0,"8":0,"9":0,"10":0,"11":0,"12":0},"f":{"0":0,"1":0,"2":0,"3":0,"4":0,"5":0,"6":0},"b":{"0":[0,0],"1":[0,0]}}
,"/Users/ajainvivek/Dev/preact-fluid/src/Button/Button.js": {"path":"/Users/ajainvivek/Dev/preact-fluid/src/Button/Button.js","statementMap":{"0":{"start":{"line":1,"column":0},"end":{"line":null,"column":-1}},"1":{"start":{"line":2,"column":0},"end":{"line":null,"column":-1}},"2":{"start":{"line":3,"column":0},"end":{"line":null,"column":-1}},"3":{"start":{"line":56,"column":8},"end":{"line":null,"column":-1}},"4":{"start":{"line":60,"column":8},"end":{"line":null,"column":-1}},"5":{"start":{"line":61,"column":8},"end":{"line":null,"column":-1}},"6":{"start":{"line":61,"column":34},"end":{"line":null,"column":-1}},"7":{"start":{"line":63,"column":24},"end":{"line":63,"column":8}},"8":{"start":{"line":64,"column":8},"end":{"line":66,"column":9}},"9":{"start":{"line":65,"column":12},"end":{"line":null,"column":-1}},"10":{"start":{"line":70,"column":8},"end":{"line":72,"column":9}},"11":{"start":{"line":71,"column":12},"end":{"line":null,"column":-1}},"12":{"start":{"line":76,"column":24},"end":{"line":76,"column":8}},"13":{"start":{"line":83,"column":12},"end":{"line":75,"column":13}},"14":{"start":{"line":75,"column":13},"end":{"line":75,"column":12}},"15":{"start":{"line":75,"column":13},"end":{"line":null,"column":-1}},"16":{"start":{"line":84,"column":26},"end":{"line":75,"column":13}},"17":{"start":{"line":86,"column":8},"end":{"line":null,"column":-1}}},"fnMap":{"0":{"name":"(anonymous_11)","decl":{"start":{"line":61,"column":34},"end":{"line":null,"column":-1}},"loc":{"start":{"line":61,"column":34},"end":{"line":61,"column":23}}}},"branchMap":{"0":{"loc":{"start":{"line":64,"column":8},"end":{"line":66,"column":9}},"type":"if","locations":[{"start":{"line":64,"column":8},"end":{"line":66,"column":9}},{"start":{"line":64,"column":8},"end":{"line":66,"column":9}}]},"1":{"loc":{"start":{"line":70,"column":8},"end":{"line":72,"column":9}},"type":"if","locations":[{"start":{"line":70,"column":8},"end":{"line":72,"column":9}},{"start":{"line":70,"column":8},"end":{"line":72,"column":9}}]},"2":{"loc":{"start":{"line":76,"column":45},"end":{"line":76,"column":24}},"type":"cond-expr","locations":[{"start":{"line":76,"column":45},"end":{"line":76,"column":24}},{"start":{"line":76,"column":57},"end":{"line":76,"column":8}}]},"3":{"loc":{"start":{"line":78,"column":20},"end":{"line":75,"column":13}},"type":"cond-expr","locations":[{"start":{"line":78,"column":20},"end":{"line":75,"column":13}},{"start":{"line":75,"column":13},"end":{"line":null,"column":-1}}]},"4":{"loc":{"start":{"line":79,"column":22},"end":{"line":75,"column":13}},"type":"cond-expr","locations":[{"start":{"line":79,"column":22},"end":{"line":75,"column":13}},{"start":{"line":75,"column":13},"end":{"line":null,"column":-1}}]},"5":{"loc":{"start":{"line":90,"column":41},"end":{"line":90,"column":51}},"type":"binary-expr","locations":[{"start":{"line":90,"column":41},"end":{"line":90,"column":51}},{"start":{"line":90,"column":52},"end":{"line":90,"column":16}}]},"6":{"loc":{"start":{"line":97,"column":36},"end":{"line":97,"column":44}},"type":"binary-expr","locations":[{"start":{"line":97,"column":36},"end":{"line":97,"column":44}},{"start":{"line":97,"column":45},"end":{"line":97,"column":22}}]},"7":{"loc":{"start":{"line":98,"column":21},"end":{"line":98,"column":29}},"type":"binary-expr","locations":[{"start":{"line":98,"column":21},"end":{"line":98,"column":29}},{"start":{"line":98,"column":30},"end":{"line":98,"column":36}}]}},"s":{"0":0,"1":0,"2":0,"3":0,"4":0,"5":0,"6":0,"7":0,"8":0,"9":0,"10":0,"11":0,"12":0,"13":0,"14":0,"15":0,"16":0,"17":0},"f":{"0":0},"b":{"0":[0,0],"1":[0,0],"2":[0,0],"3":[0,0],"4":[0,0],"5":[0,0],"6":[0,0],"7":[0,0]}}
,"/Users/ajainvivek/Dev/preact-fluid/src/Button/styles.js": {"path":"/Users/ajainvivek/Dev/preact-fluid/src/Button/styles.js","statementMap":{"0":{"start":{"line":1,"column":0},"end":{"line":null,"column":-1}},"1":{"start":{"line":2,"column":0},"end":{"line":null,"column":-1}},"2":{"start":{"line":3,"column":0},"end":{"line":null,"column":-1}},"3":{"start":{"line":5,"column":21},"end":{"line":5,"column":0}},"4":{"start":{"line":21,"column":10},"end":{"line":null,"column":-1}},"5":{"start":{"line":23,"column":13},"end":{"line":null,"column":-1}},"6":{"start":{"line":33,"column":26},"end":{"line":null,"column":-1}},"7":{"start":{"line":55,"column":10},"end":{"line":null,"column":-1}},"8":{"start":{"line":75,"column":28},"end":{"line":null,"column":-1}},"9":{"start":{"line":99,"column":6},"end":{"line":null,"column":-1}},"10":{"start":{"line":103,"column":13},"end":{"line":null,"column":-1}},"11":{"start":{"line":106,"column":30},"end":{"line":null,"column":-1}},"12":{"start":{"line":107,"column":36},"end":{"line":null,"column":-1}},"13":{"start":{"line":109,"column":25},"end":{"line":null,"column":-1}},"14":{"start":{"line":112,"column":40},"end":{"line":null,"column":-1}},"15":{"start":{"line":113,"column":42},"end":{"line":null,"column":-1}},"16":{"start":{"line":114,"column":40},"end":{"line":null,"column":-1}},"17":{"start":{"line":116,"column":17},"end":{"line":null,"column":-1}},"18":{"start":{"line":119,"column":30},"end":{"line":null,"column":-1}},"19":{"start":{"line":120,"column":36},"end":{"line":null,"column":-1}},"20":{"start":{"line":122,"column":25},"end":{"line":null,"column":-1}},"21":{"start":{"line":125,"column":40},"end":{"line":null,"column":-1}},"22":{"start":{"line":126,"column":42},"end":{"line":null,"column":-1}},"23":{"start":{"line":127,"column":40},"end":{"line":null,"column":-1}},"24":{"start":{"line":129,"column":17},"end":{"line":null,"column":-1}},"25":{"start":{"line":136,"column":0},"end":{"line":null,"column":-1}}},"fnMap":{"0":{"name":"(anonymous_2)","decl":{"start":{"line":21,"column":10},"end":{"line":null,"column":-1}},"loc":{"start":{"line":21,"column":10},"end":{"line":5,"column":6}}},"1":{"name":"(anonymous_3)","decl":{"start":{"line":23,"column":13},"end":{"line":null,"column":-1}},"loc":{"start":{"line":23,"column":13},"end":{"line":5,"column":6}}},"2":{"name":"(anonymous_4)","decl":{"start":{"line":33,"column":26},"end":{"line":null,"column":-1}},"loc":{"start":{"line":33,"column":26},"end":{"line":5,"column":6}}},"3":{"name":"(anonymous_5)","decl":{"start":{"line":55,"column":10},"end":{"line":null,"column":-1}},"loc":{"start":{"line":55,"column":10},"end":{"line":5,"column":6}}},"4":{"name":"(anonymous_6)","decl":{"start":{"line":75,"column":28},"end":{"line":null,"column":-1}},"loc":{"start":{"line":75,"column":28},"end":{"line":5,"column":6}}},"5":{"name":"(anonymous_7)","decl":{"start":{"line":99,"column":6},"end":{"line":null,"column":-1}},"loc":{"start":{"line":99,"column":6},"end":{"line":5,"column":6}}},"6":{"name":"(anonymous_8)","decl":{"start":{"line":103,"column":13},"end":{"line":null,"column":-1}},"loc":{"start":{"line":103,"column":13},"end":{"line":5,"column":6}}},"7":{"name":"(anonymous_9)","decl":{"start":{"line":106,"column":30},"end":{"line":null,"column":-1}},"loc":{"start":{"line":106,"column":30},"end":{"line":104,"column":12}}},"8":{"name":"(anonymous_10)","decl":{"start":{"line":107,"column":36},"end":{"line":null,"column":-1}},"loc":{"start":{"line":107,"column":36},"end":{"line":104,"column":12}}},"9":{"name":"(anonymous_11)","decl":{"start":{"line":109,"column":25},"end":{"line":null,"column":-1}},"loc":{"start":{"line":109,"column":25},"end":{"line":104,"column":12}}},"10":{"name":"(anonymous_12)","decl":{"start":{"line":112,"column":40},"end":{"line":null,"column":-1}},"loc":{"start":{"line":112,"column":40},"end":{"line":104,"column":12}}},"11":{"name":"(anonymous_13)","decl":{"start":{"line":113,"column":42},"end":{"line":null,"column":-1}},"loc":{"start":{"line":113,"column":42},"end":{"line":104,"column":12}}},"12":{"name":"(anonymous_14)","decl":{"start":{"line":114,"column":40},"end":{"line":null,"column":-1}},"loc":{"start":{"line":114,"column":40},"end":{"line":104,"column":12}}},"13":{"name":"(anonymous_15)","decl":{"start":{"line":116,"column":17},"end":{"line":null,"column":-1}},"loc":{"start":{"line":116,"column":17},"end":{"line":5,"column":6}}},"14":{"name":"(anonymous_16)","decl":{"start":{"line":119,"column":30},"end":{"line":null,"column":-1}},"loc":{"start":{"line":119,"column":30},"end":{"line":117,"column":12}}},"15":{"name":"(anonymous_17)","decl":{"start":{"line":120,"column":36},"end":{"line":null,"column":-1}},"loc":{"start":{"line":120,"column":36},"end":{"line":117,"column":12}}},"16":{"name":"(anonymous_18)","decl":{"start":{"line":122,"column":25},"end":{"line":null,"column":-1}},"loc":{"start":{"line":122,"column":25},"end":{"line":117,"column":12}}},"17":{"name":"(anonymous_19)","decl":{"start":{"line":125,"column":40},"end":{"line":null,"column":-1}},"loc":{"start":{"line":125,"column":40},"end":{"line":117,"column":12}}},"18":{"name":"(anonymous_20)","decl":{"start":{"line":126,"column":42},"end":{"line":null,"column":-1}},"loc":{"start":{"line":126,"column":42},"end":{"line":117,"column":12}}},"19":{"name":"(anonymous_21)","decl":{"start":{"line":127,"column":40},"end":{"line":null,"column":-1}},"loc":{"start":{"line":127,"column":40},"end":{"line":117,"column":12}}},"20":{"name":"(anonymous_22)","decl":{"start":{"line":129,"column":17},"end":{"line":null,"column":-1}},"loc":{"start":{"line":129,"column":17},"end":{"line":5,"column":6}}}},"branchMap":{"0":{"loc":{"start":{"line":21,"column":19},"end":{"line":21,"column":18}},"type":"binary-expr","locations":[{"start":{"line":21,"column":19},"end":{"line":21,"column":18}},{"start":{"line":21,"column":47},"end":{"line":21,"column":10}}]},"1":{"loc":{"start":{"line":56,"column":12},"end":{"line":56,"column":11}},"type":"binary-expr","locations":[{"start":{"line":56,"column":12},"end":{"line":56,"column":11}},{"start":{"line":56,"column":12},"end":{"line":55,"column":10}}]},"2":{"loc":{"start":{"line":59,"column":22},"end":{"line":58,"column":30}},"type":"cond-expr","locations":[{"start":{"line":59,"column":22},"end":{"line":58,"column":30}},{"start":{"line":60,"column":22},"end":{"line":56,"column":12}}]},"3":{"loc":{"start":{"line":63,"column":22},"end":{"line":61,"column":27}},"type":"cond-expr","locations":[{"start":{"line":63,"column":22},"end":{"line":61,"column":27}},{"start":{"line":64,"column":22},"end":{"line":56,"column":12}}]},"4":{"loc":{"start":{"line":61,"column":27},"end":{"line":61,"column":26}},"type":"binary-expr","locations":[{"start":{"line":61,"column":27},"end":{"line":61,"column":26}},{"start":{"line":62,"column":16},"end":{"line":61,"column":27}}]},"5":{"loc":{"start":{"line":100,"column":8},"end":{"line":100,"column":7}},"type":"binary-expr","locations":[{"start":{"line":100,"column":8},"end":{"line":100,"column":7}},{"start":{"line":100,"column":8},"end":{"line":99,"column":6}}]},"6":{"loc":{"start":{"line":104,"column":12},"end":{"line":104,"column":11}},"type":"binary-expr","locations":[{"start":{"line":104,"column":12},"end":{"line":104,"column":11}},{"start":{"line":104,"column":12},"end":{"line":103,"column":13}}]},"7":{"loc":{"start":{"line":117,"column":12},"end":{"line":117,"column":11}},"type":"binary-expr","locations":[{"start":{"line":117,"column":12},"end":{"line":117,"column":11}},{"start":{"line":117,"column":12},"end":{"line":116,"column":17}}]},"8":{"loc":{"start":{"line":130,"column":12},"end":{"line":130,"column":11}},"type":"binary-expr","locations":[{"start":{"line":130,"column":12},"end":{"line":130,"column":11}},{"start":{"line":130,"column":12},"end":{"line":129,"column":17}}]}},"s":{"0":0,"1":0,"2":0,"3":0,"4":0,"5":0,"6":0,"7":0,"8":0,"9":0,"10":0,"11":0,"12":0,"13":0,"14":0,"15":0,"16":0,"17":0,"18":0,"19":0,"20":0,"21":0,"22":0,"23":0,"24":0,"25":0},"f":{"0":0,"1":0,"2":0,"3":0,"4":0,"5":0,"6":0,"7":0,"8":0,"9":0,"10":0,"11":0,"12":0,"13":0,"14":0,"15":0,"16":0,"17":0,"18":0,"19":0,"20":0},"b":{"0":[0,0],"1":[0,0],"2":[0,0],"3":[0,0],"4":[0,0],"5":[0,0],"6":[0,0],"7":[0,0],"8":[0,0]}}
,"/Users/ajainvivek/Dev/preact-fluid/src/Card/Card.js": {"path":"/Users/ajainvivek/Dev/preact-fluid/src/Card/Card.js","statementMap":{"0":{"start":{"line":1,"column":0},"end":{"line":null,"column":-1}},"1":{"start":{"line":2,"column":0},"end":{"line":null,"column":-1}},"2":{"start":{"line":3,"column":0},"end":{"line":null,"column":-1}},"3":{"start":{"line":30,"column":47},"end":{"line":29,"column":13}},"4":{"start":{"line":29,"column":13},"end":{"line":29,"column":12}},"5":{"start":{"line":31,"column":26},"end":{"line":29,"column":13}},"6":{"start":{"line":32,"column":8},"end":{"line":null,"column":-1}}},"fnMap":{},"branchMap":{},"s":{"0":0,"1":0,"2":0,"3":0,"4":0,"5":0,"6":0},"f":{},"b":{}}
,"/Users/ajainvivek/Dev/preact-fluid/src/Card/CardBody.js": {"path":"/Users/ajainvivek/Dev/preact-fluid/src/Card/CardBody.js","statementMap":{"0":{"start":{"line":1,"column":0},"end":{"line":null,"column":-1}},"1":{"start":{"line":2,"column":0},"end":{"line":null,"column":-1}},"2":{"start":{"line":3,"column":0},"end":{"line":null,"column":-1}},"3":{"start":{"line":21,"column":36},"end":{"line":20,"column":13}},"4":{"start":{"line":20,"column":13},"end":{"line":20,"column":12}},"5":{"start":{"line":22,"column":26},"end":{"line":20,"column":13}},"6":{"start":{"line":23,"column":8},"end":{"line":null,"column":-1}}},"fnMap":{},"branchMap":{},"s":{"0":0,"1":0,"2":0,"3":0,"4":0,"5":0,"6":0},"f":{},"b":{}}
,"/Users/ajainvivek/Dev/preact-fluid/src/Card/CardFooter.js": {"path":"/Users/ajainvivek/Dev/preact-fluid/src/Card/CardFooter.js","statementMap":{"0":{"start":{"line":1,"column":0},"end":{"line":null,"column":-1}},"1":{"start":{"line":2,"column":0},"end":{"line":null,"column":-1}},"2":{"start":{"line":3,"column":0},"end":{"line":null,"column":-1}},"3":{"start":{"line":4,"column":0},"end":{"line":null,"column":-1}},"4":{"start":{"line":5,"column":0},"end":{"line":null,"column":-1}},"5":{"start":{"line":23,"column":39},"end":{"line":22,"column":13}},"6":{"start":{"line":22,"column":13},"end":{"line":22,"column":12}},"7":{"start":{"line":24,"column":26},"end":{"line":22,"column":13}},"8":{"start":{"line":25,"column":8},"end":{"line":null,"column":-1}}},"fnMap":{},"branchMap":{},"s":{"0":0,"1":0,"2":0,"3":0,"4":0,"5":0,"6":0,"7":0,"8":0},"f":{},"b":{}}
,"/Users/ajainvivek/Dev/preact-fluid/src/Card/CardHeader.js": {"path":"/Users/ajainvivek/Dev/preact-fluid/src/Card/CardHeader.js","statementMap":{"0":{"start":{"line":1,"column":0},"end":{"line":null,"column":-1}},"1":{"start":{"line":2,"column":0},"end":{"line":null,"column":-1}},"2":{"start":{"line":3,"column":0},"end":{"line":null,"column":-1}},"3":{"start":{"line":21,"column":43},"end":{"line":20,"column":13}},"4":{"start":{"line":20,"column":13},"end":{"line":20,"column":12}},"5":{"start":{"line":22,"column":26},"end":{"line":20,"column":13}},"6":{"start":{"line":23,"column":8},"end":{"line":null,"column":-1}}},"fnMap":{},"branchMap":{},"s":{"0":0,"1":0,"2":0,"3":0,"4":0,"5":0,"6":0},"f":{},"b":{}}
,"/Users/ajainvivek/Dev/preact-fluid/src/Card/CardImage.js": {"path":"/Users/ajainvivek/Dev/preact-fluid/src/Card/CardImage.js","statementMap":{"0":{"start":{"line":1,"column":0},"end":{"line":null,"column":-1}},"1":{"start":{"line":2,"column":0},"end":{"line":null,"column":-1}},"2":{"start":{"line":3,"column":0},"end":{"line":null,"column":-1}},"3":{"start":{"line":4,"column":0},"end":{"line":null,"column":-1}},"4":{"start":{"line":22,"column":8},"end":{"line":24,"column":9}},"5":{"start":{"line":23,"column":12},"end":{"line":null,"column":-1}},"6":{"start":{"line":25,"column":8},"end":{"line":null,"column":-1}},"7":{"start":{"line":40,"column":12},"end":{"line":33,"column":13}},"8":{"start":{"line":33,"column":13},"end":{"line":33,"column":12}},"9":{"start":{"line":33,"column":13},"end":{"line":null,"column":-1}},"10":{"start":{"line":41,"column":26},"end":{"line":33,"column":13}},"11":{"start":{"line":42,"column":8},"end":{"line":null,"column":-1}}},"fnMap":{},"branchMap":{"0":{"loc":{"start":{"line":22,"column":8},"end":{"line":24,"column":9}},"type":"if","locations":[{"start":{"line":22,"column":8},"end":{"line":24,"column":9}},{"start":{"line":22,"column":8},"end":{"line":24,"column":9}}]},"1":{"loc":{"start":{"line":27,"column":36},"end":{"line":27,"column":35}},"type":"binary-expr","locations":[{"start":{"line":27,"column":36},"end":{"line":27,"column":35}},{"start":{"line":27,"column":53},"end":{"line":null,"column":-1}}]},"2":{"loc":{"start":{"line":28,"column":39},"end":{"line":28,"column":38}},"type":"binary-expr","locations":[{"start":{"line":28,"column":39},"end":{"line":28,"column":38}},{"start":{"line":28,"column":59},"end":{"line":null,"column":-1}}]},"3":{"loc":{"start":{"line":39,"column":22},"end":{"line":33,"column":13}},"type":"cond-expr","locations":[{"start":{"line":39,"column":22},"end":{"line":33,"column":13}},{"start":{"line":33,"column":13},"end":{"line":null,"column":-1}}]}},"s":{"0":0,"1":0,"2":0,"3":0,"4":0,"5":0,"6":0,"7":0,"8":0,"9":0,"10":0,"11":0},"f":{},"b":{"0":[0,0],"1":[0,0],"2":[0,0],"3":[0,0]}}
,"/Users/ajainvivek/Dev/preact-fluid/src/Card/styles.js": {"path":"/Users/ajainvivek/Dev/preact-fluid/src/Card/styles.js","statementMap":{"0":{"start":{"line":1,"column":0},"end":{"line":null,"column":-1}},"1":{"start":{"line":2,"column":0},"end":{"line":null,"column":-1}},"2":{"start":{"line":4,"column":19},"end":{"line":4,"column":0}},"3":{"start":{"line":5,"column":18},"end":{"line":null,"column":-1}},"4":{"start":{"line":6,"column":24},"end":{"line":null,"column":-1}},"5":{"start":{"line":20,"column":6},"end":{"line":null,"column":-1}},"6":{"start":{"line":27,"column":21},"end":{"line":27,"column":0}},"7":{"start":{"line":37,"column":20},"end":{"line":37,"column":0}},"8":{"start":{"line":41,"column":13},"end":{"line":null,"column":-1}},"9":{"start":{"line":44,"column":6},"end":{"line":null,"column":-1}},"10":{"start":{"line":47,"column":21},"end":{"line":null,"column":-1}},"11":{"start":{"line":48,"column":13},"end":{"line":null,"column":-1}},"12":{"start":{"line":55,"column":23},"end":{"line":55,"column":0}},"13":{"start":{"line":59,"column":13},"end":{"line":null,"column":-1}},"14":{"start":{"line":62,"column":6},"end":{"line":null,"column":-1}},"15":{"start":{"line":65,"column":21},"end":{"line":null,"column":-1}},"16":{"start":{"line":66,"column":13},"end":{"line":null,"column":-1}},"17":{"start":{"line":73,"column":27},"end":{"line":73,"column":0}},"18":{"start":{"line":94,"column":6},"end":{"line":null,"column":-1}},"19":{"start":{"line":101,"column":19},"end":{"line":101,"column":0}},"20":{"start":{"line":107,"column":13},"end":{"line":null,"column":-1}},"21":{"start":{"line":113,"column":6},"end":{"line":null,"column":-1}},"22":{"start":{"line":120,"column":21},"end":{"line":120,"column":0}},"23":{"start":{"line":129,"column":6},"end":{"line":null,"column":-1}},"24":{"start":{"line":136,"column":0},"end":{"line":null,"column":-1}},"25":{"start":{"line":140,"column":0},"end":{"line":null,"column":-1}},"26":{"start":{"line":144,"column":0},"end":{"line":null,"column":-1}},"27":{"start":{"line":148,"column":0},"end":{"line":null,"column":-1}},"28":{"start":{"line":152,"column":0},"end":{"line":null,"column":-1}},"29":{"start":{"line":156,"column":0},"end":{"line":null,"column":-1}},"30":{"start":{"line":160,"column":0},"end":{"line":null,"column":-1}}},"fnMap":{"0":{"name":"(anonymous_2)","decl":{"start":{"line":5,"column":18},"end":{"line":null,"column":-1}},"loc":{"start":{"line":5,"column":18},"end":{"line":4,"column":6}}},"1":{"name":"(anonymous_3)","decl":{"start":{"line":6,"column":24},"end":{"line":null,"column":-1}},"loc":{"start":{"line":6,"column":24},"end":{"line":4,"column":6}}},"2":{"name":"(anonymous_4)","decl":{"start":{"line":20,"column":6},"end":{"line":null,"column":-1}},"loc":{"start":{"line":20,"column":6},"end":{"line":4,"column":6}}},"3":{"name":"(anonymous_5)","decl":{"start":{"line":41,"column":13},"end":{"line":null,"column":-1}},"loc":{"start":{"line":41,"column":13},"end":{"line":37,"column":6}}},"4":{"name":"(anonymous_6)","decl":{"start":{"line":44,"column":6},"end":{"line":null,"column":-1}},"loc":{"start":{"line":44,"column":6},"end":{"line":37,"column":6}}},"5":{"name":"(anonymous_7)","decl":{"start":{"line":47,"column":21},"end":{"line":null,"column":-1}},"loc":{"start":{"line":47,"column":21},"end":{"line":45,"column":8}}},"6":{"name":"(anonymous_8)","decl":{"start":{"line":48,"column":13},"end":{"line":null,"column":-1}},"loc":{"start":{"line":48,"column":13},"end":{"line":37,"column":6}}},"7":{"name":"(anonymous_9)","decl":{"start":{"line":59,"column":13},"end":{"line":null,"column":-1}},"loc":{"start":{"line":59,"column":13},"end":{"line":55,"column":6}}},"8":{"name":"(anonymous_10)","decl":{"start":{"line":62,"column":6},"end":{"line":null,"column":-1}},"loc":{"start":{"line":62,"column":6},"end":{"line":55,"column":6}}},"9":{"name":"(anonymous_11)","decl":{"start":{"line":65,"column":21},"end":{"line":null,"column":-1}},"loc":{"start":{"line":65,"column":21},"end":{"line":63,"column":8}}},"10":{"name":"(anonymous_12)","decl":{"start":{"line":66,"column":13},"end":{"line":null,"column":-1}},"loc":{"start":{"line":66,"column":13},"end":{"line":55,"column":6}}},"11":{"name":"(anonymous_13)","decl":{"start":{"line":94,"column":6},"end":{"line":null,"column":-1}},"loc":{"start":{"line":94,"column":6},"end":{"line":73,"column":6}}},"12":{"name":"(anonymous_14)","decl":{"start":{"line":107,"column":13},"end":{"line":null,"column":-1}},"loc":{"start":{"line":107,"column":13},"end":{"line":101,"column":6}}},"13":{"name":"(anonymous_15)","decl":{"start":{"line":113,"column":6},"end":{"line":null,"column":-1}},"loc":{"start":{"line":113,"column":6},"end":{"line":101,"column":6}}},"14":{"name":"(anonymous_16)","decl":{"start":{"line":129,"column":6},"end":{"line":null,"column":-1}},"loc":{"start":{"line":129,"column":6},"end":{"line":120,"column":6}}}},"branchMap":{"0":{"loc":{"start":{"line":21,"column":8},"end":{"line":21,"column":7}},"type":"binary-expr","locations":[{"start":{"line":21,"column":8},"end":{"line":21,"column":7}},{"start":{"line":21,"column":8},"end":{"line":20,"column":6}}]},"1":{"loc":{"start":{"line":45,"column":8},"end":{"line":45,"column":7}},"type":"binary-expr","locations":[{"start":{"line":45,"column":8},"end":{"line":45,"column":7}},{"start":{"line":45,"column":8},"end":{"line":44,"column":6}}]},"2":{"loc":{"start":{"line":49,"column":12},"end":{"line":49,"column":11}},"type":"binary-expr","locations":[{"start":{"line":49,"column":12},"end":{"line":49,"column":11}},{"start":{"line":49,"column":12},"end":{"line":48,"column":13}}]},"3":{"loc":{"start":{"line":63,"column":8},"end":{"line":63,"column":7}},"type":"binary-expr","locations":[{"start":{"line":63,"column":8},"end":{"line":63,"column":7}},{"start":{"line":63,"column":8},"end":{"line":62,"column":6}}]},"4":{"loc":{"start":{"line":67,"column":12},"end":{"line":67,"column":11}},"type":"binary-expr","locations":[{"start":{"line":67,"column":12},"end":{"line":67,"column":11}},{"start":{"line":67,"column":12},"end":{"line":66,"column":13}}]},"5":{"loc":{"start":{"line":95,"column":8},"end":{"line":95,"column":7}},"type":"binary-expr","locations":[{"start":{"line":95,"column":8},"end":{"line":95,"column":7}},{"start":{"line":95,"column":8},"end":{"line":94,"column":6}}]},"6":{"loc":{"start":{"line":114,"column":8},"end":{"line":114,"column":7}},"type":"binary-expr","locations":[{"start":{"line":114,"column":8},"end":{"line":114,"column":7}},{"start":{"line":114,"column":8},"end":{"line":113,"column":6}}]},"7":{"loc":{"start":{"line":130,"column":8},"end":{"line":130,"column":7}},"type":"binary-expr","locations":[{"start":{"line":130,"column":8},"end":{"line":130,"column":7}},{"start":{"line":130,"column":8},"end":{"line":129,"column":6}}]}},"s":{"0":0,"1":0,"2":0,"3":0,"4":0,"5":0,"6":0,"7":0,"8":0,"9":0,"10":0,"11":0,"12":0,"13":0,"14":0,"15":0,"16":0,"17":0,"18":0,"19":0,"20":0,"21":0,"22":0,"23":0,"24":0,"25":0,"26":0,"27":0,"28":0,"29":0,"30":0},"f":{"0":0,"1":0,"2":0,"3":0,"4":0,"5":0,"6":0,"7":0,"8":0,"9":0,"10":0,"11":0,"12":0,"13":0,"14":0},"b":{"0":[0,0],"1":[0,0],"2":[0,0],"3":[0,0],"4":[0,0],"5":[0,0],"6":[0,0],"7":[0,0]}}
,"/Users/ajainvivek/Dev/preact-fluid/src/Dropdown/Dropdown.js": {"path":"/Users/ajainvivek/Dev/preact-fluid/src/Dropdown/Dropdown.js","statementMap":{"0":{"start":{"line":1,"column":0},"end":{"line":null,"column":-1}},"1":{"start":{"line":2,"column":0},"end":{"line":null,"column":-1}},"2":{"start":{"line":3,"column":0},"end":{"line":null,"column":-1}},"3":{"start":{"line":4,"column":0},"end":{"line":null,"column":-1}},"4":{"start":{"line":57,"column":12},"end":{"line":56,"column":8}},"5":{"start":{"line":59,"column":12},"end":{"line":58,"column":8}},"6":{"start":{"line":61,"column":8},"end":{"line":63,"column":9}},"7":{"start":{"line":62,"column":12},"end":{"line":null,"column":-1}},"8":{"start":{"line":67,"column":35},"end":{"line":66,"column":27}},"9":{"start":{"line":69,"column":8},"end":{"line":null,"column":-1}},"10":{"start":{"line":74,"column":16},"end":{"line":76,"column":17}},"11":{"start":{"line":75,"column":20},"end":{"line":null,"column":-1}},"12":{"start":{"line":82,"column":34},"end":{"line":81,"column":26}},"13":{"start":{"line":83,"column":8},"end":{"line":null,"column":-1}},"14":{"start":{"line":88,"column":16},"end":{"line":90,"column":17}},"15":{"start":{"line":89,"column":20},"end":{"line":null,"column":-1}},"16":{"start":{"line":96,"column":33},"end":{"line":95,"column":25}},"17":{"start":{"line":98,"column":8},"end":{"line":null,"column":-1}},"18":{"start":{"line":103,"column":16},"end":{"line":105,"column":17}},"19":{"start":{"line":104,"column":20},"end":{"line":null,"column":-1}},"20":{"start":{"line":111,"column":36},"end":{"line":110,"column":27}},"21":{"start":{"line":110,"column":27},"end":{"line":null,"column":-1}},"22":{"start":{"line":112,"column":30},"end":{"line":110,"column":27}},"23":{"start":{"line":114,"column":8},"end":{"line":null,"column":-1}},"24":{"start":{"line":48,"column":8},"end":{"line":null,"column":-1}},"25":{"start":{"line":52,"column":8},"end":{"line":null,"column":-1}},"26":{"start":{"line":128,"column":13},"end":{"line":null,"column":-1}},"27":{"start":{"line":129,"column":52},"end":{"line":128,"column":13}},"28":{"start":{"line":128,"column":13},"end":{"line":128,"column":12}},"29":{"start":{"line":130,"column":26},"end":{"line":128,"column":13}},"30":{"start":{"line":132,"column":8},"end":{"line":null,"column":-1}},"31":{"start":{"line":137,"column":26},"end":{"line":null,"column":-1}},"32":{"start":{"line":141,"column":24},"end":{"line":null,"column":-1}},"33":{"start":{"line":148,"column":25},"end":{"line":null,"column":-1}}},"fnMap":{"0":{"name":"(anonymous_11)","decl":{"start":{"line":73,"column":12},"end":{"line":73,"column":17}},"loc":{"start":{"line":73,"column":18},"end":{"line":69,"column":8}}},"1":{"name":"(anonymous_13)","decl":{"start":{"line":87,"column":12},"end":{"line":87,"column":17}},"loc":{"start":{"line":87,"column":18},"end":{"line":83,"column":8}}},"2":{"name":"(anonymous_15)","decl":{"start":{"line":102,"column":12},"end":{"line":102,"column":17}},"loc":{"start":{"line":102,"column":18},"end":{"line":98,"column":8}}},"3":{"name":"innerRef","decl":{"start":{"line":137,"column":26},"end":{"line":null,"column":-1}},"loc":{"start":{"line":137,"column":26},"end":{"line":null,"column":-1}}},"4":{"name":"onClick","decl":{"start":{"line":140,"column":29},"end":{"line":140,"column":34}},"loc":{"start":{"line":140,"column":35},"end":{"line":142,"column":21}}},"5":{"name":"ref","decl":{"start":{"line":148,"column":25},"end":{"line":null,"column":-1}},"loc":{"start":{"line":148,"column":25},"end":{"line":null,"column":-1}}}},"branchMap":{"0":{"loc":{"start":{"line":57,"column":12},"end":{"line":57,"column":11}},"type":"binary-expr","locations":[{"start":{"line":57,"column":12},"end":{"line":57,"column":11}},{"start":{"line":57,"column":29},"end":{"line":56,"column":8}}]},"1":{"loc":{"start":{"line":59,"column":12},"end":{"line":59,"column":11}},"type":"binary-expr","locations":[{"start":{"line":59,"column":12},"end":{"line":59,"column":11}},{"start":{"line":59,"column":28},"end":{"line":58,"column":8}}]},"2":{"loc":{"start":{"line":61,"column":8},"end":{"line":63,"column":9}},"type":"if","locations":[{"start":{"line":61,"column":8},"end":{"line":63,"column":9}},{"start":{"line":61,"column":8},"end":{"line":63,"column":9}}]},"3":{"loc":{"start":{"line":61,"column":12},"end":{"line":61,"column":30}},"type":"binary-expr","locations":[{"start":{"line":61,"column":12},"end":{"line":61,"column":30}},{"start":{"line":61,"column":31},"end":{"line":61,"column":8}}]},"4":{"loc":{"start":{"line":74,"column":16},"end":{"line":76,"column":17}},"type":"if","locations":[{"start":{"line":74,"column":16},"end":{"line":76,"column":17}},{"start":{"line":74,"column":16},"end":{"line":76,"column":17}}]},"5":{"loc":{"start":{"line":88,"column":16},"end":{"line":90,"column":17}},"type":"if","locations":[{"start":{"line":88,"column":16},"end":{"line":90,"column":17}},{"start":{"line":88,"column":16},"end":{"line":90,"column":17}}]},"6":{"loc":{"start":{"line":103,"column":16},"end":{"line":105,"column":17}},"type":"if","locations":[{"start":{"line":103,"column":16},"end":{"line":105,"column":17}},{"start":{"line":103,"column":16},"end":{"line":105,"column":17}}]},"7":{"loc":{"start":{"line":111,"column":27},"end":{"line":110,"column":27}},"type":"cond-expr","locations":[{"start":{"line":111,"column":27},"end":{"line":110,"column":27}},{"start":{"line":110,"column":27},"end":{"line":null,"column":-1}}]},"8":{"loc":{"start":{"line":118,"column":26},"end":{"line":117,"column":26}},"type":"cond-expr","locations":[{"start":{"line":118,"column":26},"end":{"line":117,"column":26}},{"start":{"line":118,"column":26},"end":{"line":117,"column":27}}]},"9":{"loc":{"start":{"line":129,"column":24},"end":{"line":128,"column":13}},"type":"cond-expr","locations":[{"start":{"line":129,"column":24},"end":{"line":128,"column":13}},{"start":{"line":128,"column":13},"end":{"line":null,"column":-1}}]}},"s":{"0":0,"1":0,"2":0,"3":0,"4":0,"5":0,"6":0,"7":0,"8":0,"9":0,"10":0,"11":0,"12":0,"13":0,"14":0,"15":0,"16":0,"17":0,"18":0,"19":0,"20":0,"21":0,"22":0,"23":0,"24":0,"25":0,"26":0,"27":0,"28":0,"29":0,"30":0,"31":0,"32":0,"33":0},"f":{"0":0,"1":0,"2":0,"3":0,"4":0,"5":0},"b":{"0":[0,0],"1":[0,0],"2":[0,0],"3":[0,0],"4":[0,0],"5":[0,0],"6":[0,0],"7":[0,0],"8":[0,0],"9":[0,0]}}
,"/Users/ajainvivek/Dev/preact-fluid/src/Dropdown/styles.js": {"path":"/Users/ajainvivek/Dev/preact-fluid/src/Dropdown/styles.js","statementMap":{"0":{"start":{"line":1,"column":0},"end":{"line":null,"column":-1}},"1":{"start":{"line":2,"column":0},"end":{"line":null,"column":-1}},"2":{"start":{"line":6,"column":6},"end":{"line":6,"column":0}},"3":{"start":{"line":20,"column":6},"end":{"line":20,"column":0}},"4":{"start":{"line":31,"column":23},"end":{"line":31,"column":0}},"5":{"start":{"line":45,"column":6},"end":{"line":null,"column":-1}},"6":{"start":{"line":52,"column":0},"end":{"line":null,"column":-1}}},"fnMap":{"0":{"name":"(anonymous_2)","decl":{"start":{"line":45,"column":6},"end":{"line":null,"column":-1}},"loc":{"start":{"line":45,"column":6},"end":{"line":31,"column":6}}}},"branchMap":{"0":{"loc":{"start":{"line":46,"column":8},"end":{"line":46,"column":7}},"type":"binary-expr","locations":[{"start":{"line":46,"column":8},"end":{"line":46,"column":7}},{"start":{"line":46,"column":8},"end":{"line":45,"column":6}}]}},"s":{"0":0,"1":0,"2":0,"3":0,"4":0,"5":0,"6":0},"f":{"0":0},"b":{"0":[0,0]}}
,"/Users/ajainvivek/Dev/preact-fluid/src/Form/Checkbox/Checkbox.js": {"path":"/Users/ajainvivek/Dev/preact-fluid/src/Form/Checkbox/Checkbox.js","statementMap":{"0":{"start":{"line":1,"column":0},"end":{"line":null,"column":-1}},"1":{"start":{"line":2,"column":0},"end":{"line":null,"column":-1}},"2":{"start":{"line":3,"column":0},"end":{"line":null,"column":-1}},"3":{"start":{"line":4,"column":0},"end":{"line":null,"column":-1}},"4":{"start":{"line":5,"column":0},"end":{"line":null,"column":-1}},"5":{"start":{"line":71,"column":2},"end":{"line":73,"column":3}},"6":{"start":{"line":72,"column":3},"end":{"line":null,"column":-1}},"7":{"start":{"line":85,"column":12},"end":{"line":76,"column":10}},"8":{"start":{"line":76,"column":10},"end":{"line":76,"column":9}},"9":{"start":{"line":76,"column":10},"end":{"line":null,"column":-1}},"10":{"start":{"line":86,"column":20},"end":{"line":76,"column":10}},"11":{"start":{"line":88,"column":2},"end":{"line":null,"column":-1}},"12":{"start":{"line":57,"column":6},"end":{"line":52,"column":17}},"13":{"start":{"line":52,"column":17},"end":{"line":52,"column":16}},"14":{"start":{"line":52,"column":17},"end":{"line":null,"column":-1}},"15":{"start":{"line":59,"column":2},"end":{"line":61,"column":3}},"16":{"start":{"line":60,"column":3},"end":{"line":null,"column":-1}},"17":{"start":{"line":63,"column":2},"end":{"line":null,"column":-1}}},"fnMap":{},"branchMap":{"0":{"loc":{"start":{"line":71,"column":2},"end":{"line":73,"column":3}},"type":"if","locations":[{"start":{"line":71,"column":2},"end":{"line":73,"column":3}},{"start":{"line":71,"column":2},"end":{"line":73,"column":3}}]},"1":{"loc":{"start":{"line":78,"column":20},"end":{"line":76,"column":10}},"type":"cond-expr","locations":[{"start":{"line":78,"column":20},"end":{"line":76,"column":10}},{"start":{"line":76,"column":10},"end":{"line":null,"column":-1}}]},"2":{"loc":{"start":{"line":81,"column":18},"end":{"line":76,"column":10}},"type":"cond-expr","locations":[{"start":{"line":81,"column":18},"end":{"line":76,"column":10}},{"start":{"line":76,"column":10},"end":{"line":null,"column":-1}}]},"3":{"loc":{"start":{"line":54,"column":9},"end":{"line":52,"column":17}},"type":"cond-expr","locations":[{"start":{"line":54,"column":9},"end":{"line":52,"column":17}},{"start":{"line":52,"column":17},"end":{"line":null,"column":-1}}]},"4":{"loc":{"start":{"line":55,"column":13},"end":{"line":52,"column":17}},"type":"cond-expr","locations":[{"start":{"line":55,"column":13},"end":{"line":52,"column":17}},{"start":{"line":52,"column":17},"end":{"line":null,"column":-1}}]},"5":{"loc":{"start":{"line":56,"column":8},"end":{"line":52,"column":17}},"type":"cond-expr","locations":[{"start":{"line":56,"column":8},"end":{"line":52,"column":17}},{"start":{"line":52,"column":17},"end":{"line":null,"column":-1}}]},"6":{"loc":{"start":{"line":59,"column":2},"end":{"line":61,"column":3}},"type":"if","locations":[{"start":{"line":59,"column":2},"end":{"line":61,"column":3}},{"start":{"line":59,"column":2},"end":{"line":61,"column":3}}]}},"s":{"0":0,"1":0,"2":0,"3":0,"4":0,"5":0,"6":0,"7":0,"8":0,"9":0,"10":0,"11":0,"12":0,"13":0,"14":0,"15":0,"16":0,"17":0},"f":{},"b":{"0":[0,0],"1":[0,0],"2":[0,0],"3":[0,0],"4":[0,0],"5":[0,0],"6":[0,0]}}
,"/Users/ajainvivek/Dev/preact-fluid/src/Form/Checkbox/styles.js": {"path":"/Users/ajainvivek/Dev/preact-fluid/src/Form/Checkbox/styles.js","statementMap":{"0":{"start":{"line":1,"column":0},"end":{"line":null,"column":-1}},"1":{"start":{"line":2,"column":0},"end":{"line":null,"column":-1}},"2":{"start":{"line":4,"column":6},"end":{"line":4,"column":0}},"3":{"start":{"line":13,"column":15},"end":{"line":13,"column":0}},"4":{"start":{"line":14,"column":14},"end":{"line":14,"column":0}},"5":{"start":{"line":16,"column":22},"end":{"line":16,"column":0}},"6":{"start":{"line":39,"column":17},"end":{"line":null,"column":-1}},"7":{"start":{"line":45,"column":32},"end":{"line":null,"column":-1}},"8":{"start":{"line":54,"column":32},"end":{"line":null,"column":-1}},"9":{"start":{"line":62,"column":18},"end":{"line":null,"column":-1}},"10":{"start":{"line":72,"column":3},"end":{"line":null,"column":-1}},"11":{"start":{"line":77,"column":20},"end":{"line":77,"column":0}},"12":{"start":{"line":84,"column":0},"end":{"line":null,"column":-1}},"13":{"start":{"line":88,"column":0},"end":{"line":null,"column":-1}}},"fnMap":{"0":{"name":"(anonymous_2)","decl":{"start":{"line":39,"column":17},"end":{"line":null,"column":-1}},"loc":{"start":{"line":39,"column":17},"end":{"line":16,"column":6}}},"1":{"name":"(anonymous_3)","decl":{"start":{"line":45,"column":32},"end":{"line":null,"column":-1}},"loc":{"start":{"line":45,"column":32},"end":{"line":16,"column":6}}},"2":{"name":"(anonymous_4)","decl":{"start":{"line":54,"column":32},"end":{"line":null,"column":-1}},"loc":{"start":{"line":54,"column":32},"end":{"line":16,"column":6}}},"3":{"name":"(anonymous_5)","decl":{"start":{"line":62,"column":18},"end":{"line":null,"column":-1}},"loc":{"start":{"line":62,"column":18},"end":{"line":16,"column":6}}},"4":{"name":"(anonymous_6)","decl":{"start":{"line":72,"column":3},"end":{"line":null,"column":-1}},"loc":{"start":{"line":72,"column":3},"end":{"line":16,"column":6}}}},"branchMap":{"0":{"loc":{"start":{"line":72,"column":12},"end":{"line":72,"column":11}},"type":"binary-expr","locations":[{"start":{"line":72,"column":12},"end":{"line":72,"column":11}},{"start":{"line":72,"column":12},"end":{"line":72,"column":3}}]}},"s":{"0":0,"1":0,"2":0,"3":0,"4":0,"5":0,"6":0,"7":0,"8":0,"9":0,"10":0,"11":0,"12":0,"13":0},"f":{"0":0,"1":0,"2":0,"3":0,"4":0},"b":{"0":[0,0]}}
,"/Users/ajainvivek/Dev/preact-fluid/src/Form/Radio/Radio.js": {"path":"/Users/ajainvivek/Dev/preact-fluid/src/Form/Radio/Radio.js","statementMap":{"0":{"start":{"line":1,"column":0},"end":{"line":null,"column":-1}},"1":{"start":{"line":2,"column":0},"end":{"line":null,"column":-1}},"2":{"start":{"line":3,"column":0},"end":{"line":null,"column":-1}},"3":{"start":{"line":4,"column":0},"end":{"line":null,"column":-1}},"4":{"start":{"line":5,"column":0},"end":{"line":null,"column":-1}},"5":{"start":{"line":72,"column":2},"end":{"line":74,"column":3}},"6":{"start":{"line":73,"column":3},"end":{"line":null,"column":-1}},"7":{"start":{"line":77,"column":10},"end":{"line":null,"column":-1}},"8":{"start":{"line":87,"column":12},"end":{"line":77,"column":10}},"9":{"start":{"line":77,"column":10},"end":{"line":77,"column":9}},"10":{"start":{"line":88,"column":20},"end":{"line":77,"column":10}},"11":{"start":{"line":90,"column":2},"end":{"line":null,"column":-1}},"12":{"start":{"line":93,"column":71},"end":{"line":null,"column":-1}},"13":{"start":{"line":101,"column":46},"end":{"line":null,"column":-1}},"14":{"start":{"line":58,"column":6},"end":{"line":53,"column":17}},"15":{"start":{"line":53,"column":17},"end":{"line":53,"column":16}},"16":{"start":{"line":53,"column":17},"end":{"line":null,"column":-1}},"17":{"start":{"line":60,"column":2},"end":{"line":62,"column":3}},"18":{"start":{"line":61,"column":3},"end":{"line":null,"column":-1}},"19":{"start":{"line":64,"column":2},"end":{"line":null,"column":-1}}},"fnMap":{"0":{"name":"onClick","decl":{"start":{"line":93,"column":64},"end":{"line":93,"column":69}},"loc":{"start":{"line":93,"column":70},"end":{"line":93,"column":20}}},"1":{"name":"ref","decl":{"start":{"line":101,"column":33},"end":{"line":101,"column":33}},"loc":{"start":{"line":101,"column":44},"end":{"line":101,"column":70}}}},"branchMap":{"0":{"loc":{"start":{"line":72,"column":2},"end":{"line":74,"column":3}},"type":"if","locations":[{"start":{"line":72,"column":2},"end":{"line":74,"column":3}},{"start":{"line":72,"column":2},"end":{"line":74,"column":3}}]},"1":{"loc":{"start":{"line":79,"column":20},"end":{"line":77,"column":10}},"type":"cond-expr","locations":[{"start":{"line":79,"column":20},"end":{"line":77,"column":10}},{"start":{"line":77,"column":10},"end":{"line":null,"column":-1}}]},"2":{"loc":{"start":{"line":81,"column":18},"end":{"line":77,"column":10}},"type":"cond-expr","locations":[{"start":{"line":81,"column":18},"end":{"line":77,"column":10}},{"start":{"line":77,"column":10},"end":{"line":null,"column":-1}}]},"3":{"loc":{"start":{"line":82,"column":21},"end":{"line":77,"column":10}},"type":"cond-expr","locations":[{"start":{"line":82,"column":21},"end":{"line":77,"column":10}},{"start":{"line":77,"column":10},"end":{"line":null,"column":-1}}]},"4":{"loc":{"start":{"line":55,"column":9},"end":{"line":53,"column":17}},"type":"cond-expr","locations":[{"start":{"line":55,"column":9},"end":{"line":53,"column":17}},{"start":{"line":53,"column":17},"end":{"line":null,"column":-1}}]},"5":{"loc":{"start":{"line":56,"column":13},"end":{"line":53,"column":17}},"type":"cond-expr","locations":[{"start":{"line":56,"column":13},"end":{"line":53,"column":17}},{"start":{"line":53,"column":17},"end":{"line":null,"column":-1}}]},"6":{"loc":{"start":{"line":57,"column":8},"end":{"line":53,"column":17}},"type":"cond-expr","locations":[{"start":{"line":57,"column":8},"end":{"line":53,"column":17}},{"start":{"line":53,"column":17},"end":{"line":null,"column":-1}}]},"7":{"loc":{"start":{"line":60,"column":2},"end":{"line":62,"column":3}},"type":"if","locations":[{"start":{"line":60,"column":2},"end":{"line":62,"column":3}},{"start":{"line":60,"column":2},"end":{"line":62,"column":3}}]}},"s":{"0":0,"1":0,"2":0,"3":0,"4":0,"5":0,"6":0,"7":0,"8":0,"9":0,"10":0,"11":0,"12":0,"13":0,"14":0,"15":0,"16":0,"17":0,"18":0,"19":0},"f":{"0":0,"1":0},"b":{"0":[0,0],"1":[0,0],"2":[0,0],"3":[0,0],"4":[0,0],"5":[0,0],"6":[0,0],"7":[0,0]}}
,"/Users/ajainvivek/Dev/preact-fluid/src/Form/Radio/styles.js": {"path":"/Users/ajainvivek/Dev/preact-fluid/src/Form/Radio/styles.js","statementMap":{"0":{"start":{"line":1,"column":0},"end":{"line":null,"column":-1}},"1":{"start":{"line":2,"column":0},"end":{"line":null,"column":-1}},"2":{"start":{"line":4,"column":6},"end":{"line":4,"column":0}},"3":{"start":{"line":15,"column":6},"end":{"line":15,"column":0}},"4":{"start":{"line":26,"column":20},"end":{"line":26,"column":0}},"5":{"start":{"line":41,"column":26},"end":{"line":null,"column":-1}},"6":{"start":{"line":43,"column":14},"end":{"line":null,"column":-1}},"7":{"start":{"line":58,"column":26},"end":{"line":null,"column":-1}},"8":{"start":{"line":59,"column":28},"end":{"line":null,"column":-1}},"9":{"start":{"line":64,"column":14},"end":{"line":null,"column":-1}},"10":{"start":{"line":71,"column":26},"end":{"line":null,"column":-1}},"11":{"start":{"line":74,"column":14},"end":{"line":null,"column":-1}},"12":{"start":{"line":82,"column":26},"end":{"line":null,"column":-1}},"13":{"start":{"line":84,"column":14},"end":{"line":null,"column":-1}},"14":{"start":{"line":92,"column":26},"end":{"line":null,"column":-1}},"15":{"start":{"line":94,"column":14},"end":{"line":null,"column":-1}},"16":{"start":{"line":100,"column":26},"end":{"line":null,"column":-1}},"17":{"start":{"line":102,"column":14},"end":{"line":null,"column":-1}},"18":{"start":{"line":148,"column":26},"end":{"line":null,"column":-1}},"19":{"start":{"line":152,"column":14},"end":{"line":null,"column":-1}},"20":{"start":{"line":172,"column":6},"end":{"line":null,"column":-1}},"21":{"start":{"line":176,"column":6},"end":{"line":null,"column":-1}},"22":{"start":{"line":185,"column":20},"end":{"line":185,"column":0}},"23":{"start":{"line":192,"column":0},"end":{"line":null,"column":-1}},"24":{"start":{"line":196,"column":0},"end":{"line":null,"column":-1}}},"fnMap":{"0":{"name":"(anonymous_2)","decl":{"start":{"line":41,"column":26},"end":{"line":null,"column":-1}},"loc":{"start":{"line":41,"column":26},"end":{"line":26,"column":6}}},"1":{"name":"(anonymous_3)","decl":{"start":{"line":43,"column":14},"end":{"line":null,"column":-1}},"loc":{"start":{"line":43,"column":14},"end":{"line":26,"column":6}}},"2":{"name":"(anonymous_4)","decl":{"start":{"line":58,"column":26},"end":{"line":null,"column":-1}},"loc":{"start":{"line":58,"column":26},"end":{"line":26,"column":6}}},"3":{"name":"(anonymous_5)","decl":{"start":{"line":59,"column":28},"end":{"line":null,"column":-1}},"loc":{"start":{"line":59,"column":28},"end":{"line":26,"column":6}}},"4":{"name":"(anonymous_6)","decl":{"start":{"line":64,"column":14},"end":{"line":null,"column":-1}},"loc":{"start":{"line":64,"column":14},"end":{"line":26,"column":6}}},"5":{"name":"(anonymous_7)","decl":{"start":{"line":71,"column":26},"end":{"line":null,"column":-1}},"loc":{"start":{"line":71,"column":26},"end":{"line":26,"column":6}}},"6":{"name":"(anonymous_8)","decl":{"start":{"line":74,"column":14},"end":{"line":null,"column":-1}},"loc":{"start":{"line":74,"column":14},"end":{"line":26,"column":6}}},"7":{"name":"(anonymous_9)","decl":{"start":{"line":82,"column":26},"end":{"line":null,"column":-1}},"loc":{"start":{"line":82,"column":26},"end":{"line":26,"column":6}}},"8":{"name":"(anonymous_10)","decl":{"start":{"line":84,"column":14},"end":{"line":null,"column":-1}},"loc":{"start":{"line":84,"column":14},"end":{"line":26,"column":6}}},"9":{"name":"(anonymous_11)","decl":{"start":{"line":92,"column":26},"end":{"line":null,"column":-1}},"loc":{"start":{"line":92,"column":26},"end":{"line":26,"column":6}}},"10":{"name":"(anonymous_12)","decl":{"start":{"line":94,"column":14},"end":{"line":null,"column":-1}},"loc":{"start":{"line":94,"column":14},"end":{"line":26,"column":6}}},"11":{"name":"(anonymous_13)","decl":{"start":{"line":100,"column":26},"end":{"line":null,"column":-1}},"loc":{"start":{"line":100,"column":26},"end":{"line":26,"column":6}}},"12":{"name":"(anonymous_14)","decl":{"start":{"line":102,"column":14},"end":{"line":null,"column":-1}},"loc":{"start":{"line":102,"column":14},"end":{"line":26,"column":6}}},"13":{"name":"(anonymous_1
[...]
,"/Users/ajainvivek/Dev/preact-fluid/src/ThemeProvider/ThemeProvider.js": {"path":"/Users/ajainvivek/Dev/preact-fluid/src/ThemeProvider/ThemeProvider.js","statementMap":{"0":{"start":{"line":1,"column":0},"end":{"line":null,"column":-1}},"1":{"start":{"line":2,"column":0},"end":{"line":null,"column":-1}},"2":{"start":{"line":3,"column":0},"end":{"line":null,"column":-1}},"3":{"start":{"line":13,"column":39},"end":{"line":12,"column":22}},"4":{"start":{"line":12,"column":22},"end":{"line":12,"column":21}},"5":{"start":{"line":12,"column":22},"end":{"line":null,"column":-1}},"6":{"start":{"line":14,"column":8},"end":{"line":16,"column":9}},"7":{"start":{"line":15,"column":12},"end":{"line":null,"column":-1}},"8":{"start":{"line":17,"column":8},"end":{"line":null,"column":-1}},"9":{"start":{"line":19,"column":25},"end":{"line":19,"column":24}},"10":{"start":{"line":20,"column":8},"end":{"line":null,"column":-1}}},"fnMap":{},"branchMap":{"0":{"loc":{"start":{"line":14,"column":8},"end":{"line":16,"column":9}},"type":"if","locations":[{"start":{"line":14,"column":8},"end":{"line":16,"column":9}},{"start":{"line":14,"column":8},"end":{"line":16,"column":9}}]},"1":{"loc":{"start":{"line":14,"column":12},"end":{"line":14,"column":22}},"type":"binary-expr","locations":[{"start":{"line":14,"column":12},"end":{"line":14,"column":22}},{"start":{"line":14,"column":23},"end":{"line":14,"column":8}}]},"2":{"loc":{"start":{"line":15,"column":56},"end":{"line":15,"column":55}},"type":"binary-expr","locations":[{"start":{"line":15,"column":56},"end":{"line":15,"column":55}},{"start":{"line":15,"column":73},"end":{"line":15,"column":28}}]},"3":{"loc":{"start":{"line":20,"column":16},"end":{"line":20,"column":27}},"type":"binary-expr","locations":[{"start":{"line":20,"column":16},"end":{"line":20,"column":27}},{"start":{"line":20,"column":28},"end":{"line":20,"column":15}},{"start":{"line":20,"column":44},"end":{"line":20,"column":8}}]}},"s":{"0":0,"1":0,"2":0,"3":0,"4":0,"5":0,"6":0,"7":0,"8":0,"9":0,"10":0},"f":{},"b":{"0":[0,0],"1":[0,0],"2":[0,0],"3":[0,0,0]}}
,"/Users/ajainvivek/Dev/preact-fluid/src/Tooltip/Tooltip.js": {"path":"/Users/ajainvivek/Dev/preact-fluid/src/Tooltip/Tooltip.js","statementMap":{"0":{"start":{"line":1,"column":0},"end":{"line":null,"column":-1}},"1":{"start":{"line":2,"column":0},"end":{"line":null,"column":-1}},"2":{"start":{"line":3,"column":0},"end":{"line":null,"column":-1}},"3":{"start":{"line":58,"column":12},"end":{"line":49,"column":13}},"4":{"start":{"line":49,"column":13},"end":{"line":49,"column":12}},"5":{"start":{"line":49,"column":13},"end":{"line":null,"column":-1}},"6":{"start":{"line":59,"column":26},"end":{"line":49,"column":13}},"7":{"start":{"line":61,"column":8},"end":{"line":null,"column":-1}}},"fnMap":{},"branchMap":{"0":{"loc":{"start":{"line":51,"column":20},"end":{"line":49,"column":13}},"type":"cond-expr","locations":[{"start":{"line":51,"column":20},"end":{"line":49,"column":13}},{"start":{"line":49,"column":13},"end":{"line":null,"column":-1}}]}},"s":{"0":0,"1":0,"2":0,"3":0,"4":0,"5":0,"6":0,"7":0},"f":{},"b":{"0":[0,0]}}
,"/Users/ajainvivek/Dev/preact-fluid/src/Tooltip/styles.js": {"path":"/Users/ajainvivek/Dev/preact-fluid/src/Tooltip/styles.js","statementMap":{"0":{"start":{"line":1,"column":0},"end":{"line":null,"column":-1}},"1":{"start":{"line":2,"column":0},"end":{"line":null,"column":-1}},"2":{"start":{"line":4,"column":22},"end":{"line":4,"column":0}},"3":{"start":{"line":22,"column":10},"end":{"line":null,"column":-1}},"4":{"start":{"line":31,"column":17},"end":{"line":null,"column":-1}},"5":{"start":{"line":40,"column":21},"end":{"line":null,"column":-1}},"6":{"start":{"line":49,"column":21},"end":{"line":null,"column":-1}},"7":{"start":{"line":70,"column":10},"end":{"line":null,"column":-1}},"8":{"start":{"line":76,"column":17},"end":{"line":null,"column":-1}},"9":{"start":{"line":82,"column":21},"end":{"line":null,"column":-1}},"10":{"start":{"line":88,"column":21},"end":{"line":null,"column":-1}},"11":{"start":{"line":94,"column":21},"end":{"line":null,"column":-1}},"12":{"start":{"line":106,"column":10},"end":{"line":null,"column":-1}},"13":{"start":{"line":110,"column":17},"end":{"line":null,"column":-1}},"14":{"start":{"line":114,"column":21},"end":{"line":null,"column":-1}},"15":{"start":{"line":118,"column":21},"end":{"line":null,"column":-1}},"16":{"start":{"line":129,"column":10},"end":{"line":null,"column":-1}},"17":{"start":{"line":133,"column":17},"end":{"line":null,"column":-1}},"18":{"start":{"line":137,"column":21},"end":{"line":null,"column":-1}},"19":{"start":{"line":141,"column":21},"end":{"line":null,"column":-1}},"20":{"start":{"line":151,"column":10},"end":{"line":null,"column":-1}},"21":{"start":{"line":155,"column":17},"end":{"line":null,"column":-1}},"22":{"start":{"line":159,"column":21},"end":{"line":null,"column":-1}},"23":{"start":{"line":163,"column":21},"end":{"line":null,"column":-1}},"24":{"start":{"line":173,"column":10},"end":{"line":null,"column":-1}},"25":{"start":{"line":177,"column":17},"end":{"line":null,"column":-1}},"26":{"start":{"line":181,"column":21},"end":{"line":null,"column":-1}},"27":{"start":{"line":185,"column":21},"end":{"line":null,"column":-1}},"28":{"start":{"line":195,"column":10},"end":{"line":null,"column":-1}},"29":{"start":{"line":199,"column":17},"end":{"line":null,"column":-1}},"30":{"start":{"line":203,"column":21},"end":{"line":null,"column":-1}},"31":{"start":{"line":207,"column":21},"end":{"line":null,"column":-1}},"32":{"start":{"line":218,"column":6},"end":{"line":null,"column":-1}},"33":{"start":{"line":225,"column":0},"end":{"line":null,"column":-1}}},"fnMap":{"0":{"name":"(anonymous_2)","decl":{"start":{"line":22,"column":10},"end":{"line":null,"column":-1}},"loc":{"start":{"line":22,"column":10},"end":{"line":4,"column":6}}},"1":{"name":"(anonymous_3)","decl":{"start":{"line":31,"column":17},"end":{"line":null,"column":-1}},"loc":{"start":{"line":31,"column":17},"end":{"line":4,"column":6}}},"2":{"name":"(anonymous_4)","decl":{"start":{"line":40,"column":21},"end":{"line":null,"column":-1}},"loc":{"start":{"line":40,"column":21},"end":{"line":4,"column":6}}},"3":{"name":"(anonymous_5)","decl":{"start":{"line":49,"column":21},"end":{"line":null,"column":-1}},"loc":{"start":{"line":49,"column":21},"end":{"line":4,"column":6}}},"4":{"name":"(anonymous_6)","decl":{"start":{"line":70,"column":10},"end":{"line":null,"column":-1}},"loc":{"start":{"line":70,"column":10},"end":{"line":4,"column":6}}},"5":{"name":"(anonymous_7)","decl":{"start":{"line":76,"column":17},"end":{"line":null,"column":-1}},"loc":{"start":{"line":76,"column":17},"end":{"line":4,"column":6}}},"6":{"name":"(anonymous_8)","decl":{"start":{"line":82,"column":21},"end":{"line":null,"column":-1}},"loc":{"start":{"line":82,"column":21},"end":{"line":4,"column":6}}},"7":{"name":"(anonymous_9)","decl":{"start":{"line":88,"column":21},"end":{"line":null,"column":-1}},"loc":{"start":{"line":88,"column":21},"end":{"line":4,"column":6}}},"8":{"name":"(anonymous_10)","decl":{"start":{"line":94,"column":21},"end":{"line":null,"column":-1}},"loc":{"start":{"line":94,"column":21},"end":{"line":4,"column":6}}},"9":{"name":"(anonymous_11)","decl":{"start":{"line":106,"column":10},"end":{"line":null,"column":-1}},"loc":{"start":{"line":106,"column":10},"end":{"line":4,"column":6}}},"10":{"name":"(anonymous_12)","decl":{"start":{"line":110,"column":17},"end":{"line":null,"column":-1}},"loc":{"start":{"line":110,"column":17},"end":{"line":4,"column":6}}},"11":{"name":"(anonymous_13)","decl":{"start":{"line":114,"column":21},"end":{"line":null,"column":-1}},"loc":{"start":{"line":114,"column":21},"end":{"line":4,"column":6}}},"12":{"name":"(anonymous_14)","decl":{"start":{"line":118,"column":21},"end":{"line":null,"column":-1}},"loc":{"start":{"line":118,"column":21},"end":{"line":4,"column":6}}},"13":{"name":"(anonymous_15)","decl":{"start":{"line":129,"column":10},"end":{"line":null,"column":-1}},"loc":{"start":{"line":129,"column":10},"end":{"line":4,"column":6}}},"14":{"name":"(anonymous_16)","decl":{"start":{"line":133,"column":17},"end":{"line":null,"column":-1}},"loc":{"start":{"line":133,"column":17},"end":{"line":4,"column":6}}},"15":{"name":"(anonymous_17)","decl":{"start":{"line":137,"column":21},"end":{"line":null,"column":-1}},"loc":{"start":{"line":137,"column":21},"end":{"line":4,"column":6}}},"16":{"name":"(anonymous_18)","decl":{"start":{"line":141,"column":21},"end":{"line":null,"column":-1}},"loc":{"start":{"line":141,"column":21},"end":{"line":4,"column":6}}},"17":{"name":"(anonymous_19)","decl":{"start":{"line":151,"column":10},"end":{"line":null,"column":-1}},"loc":{"start":{"line":151,"column":10},"end":{"line":4,"column":6}}},"18":{"name":"(anonymous_20)","decl":{"start":{"line":155,"column":17},"end":{"line":null,"column":-1}},"loc":{"start":{"line":155,"column":17},"end":{"line":4,"column":6}}},"19":{"name":"(anonymous_21)","decl":{"start":{"line":159,"column":21},"end":{"line":null,"column":-1}},"loc":{"start":{"line":159,"column":21},"end":{"line":4,"column":6}}},"20":{"name":"(anonymous_22)","decl":{"start":{"line":163,"column":21},"end":{"line":null,"column":-1}},"loc":{"start":{"line":163,"column":21},"end":{"line":4,"column":6}}},"21":{"name":"(anonymous_23)","decl":{"start":{"line":173,"column":10},"end":{"line":null,"column":-1}},"loc":{"start":{"line":173,"column":10},"end":{"line":4,"column":6}}},"22":{"name":"(anonymous_24)","decl":{"start":{"line":177,"column":17},"end":{"line":null,"column":-1}},"loc":{"start":{"line":177,"column":17},"end":{"line":4,"column":6}}},"23":{"name":"(anonymous_25)","decl":{"start":{"line":181,"column":21},"end":{"line":null,"column":-1}},"loc":{"start":{"line":181,"column":21},"end":{"line":4,"column":6}}},"24":{"name":"(anonymous_26)","decl":{"start":{"line":185,"column":21},"end":{"line":null,"column":-1}},"loc":{"start":{"line":185,"column":21},"end":{"line":4,"column":6}}},"25":{"name":"(anonymous_27)","decl":{"start":{"line":195,"column":10},"end":{"line":null,"column":-1}},"loc":{"start":{"line":195,"column":10},"end":{"line":4,"column":6}}},"26":{"name":"(anonymous_28)","decl":{"start":{"line":199,"column":17},"end":{"line":null,"column":-1}},"loc":{"start":{"line":199,"column":17},"end":{"line":4,"column":6}}},"27":{"name":"(anonymous_29)","decl":{"start":{"line":203,"column":21},"end":{"line":null,"column":-1}},"loc":{"start":{"line":203,"column":21},"end":{"line":4,"column":6}}},"28":{"name":"(anonymous_30)","decl":{"start":{"line":207,"column":21},"end":{"line":null,"column":-1}},"loc":{"start":{"line":207,"column":21},"end":{"line":4,"column":6}}},"29":{"name":"(anonymous_31)","decl":{"start":{"line":218,"column":6},"end":{"line":null,"column":-1}},"loc":{"start":{"line":218,"column":6},"end":{"line":4,"column":6}}}},"branchMap":{"0":{"loc":{"start":{"line":23,"column":12},"end":{"line":23,"column":11}},"type":"binary-expr","locations":[{"start":{"line":23,"column":12},"end":{"line":23,"column":11}},{"start":{"line":23,"column":12},"end":{"line":22,"column":10}}]},"1":{"loc":{"start":{"line":32,"column":16},"end":{"line":32,"column":15}},"type":"binary-expr","locations":[{"start":{"line":32,"column":16},"end":{"line":32,"column":15}},{"start":{"line":32,"column":16},"end":{"line":31,"column":17}}]},"2":{"loc":{"start":{"line":41,"column":16},"end":{"line":41,"column":15}},"type":"binary-expr","locations":[{"start":{"line":41,"column":16},"end":{"line":41,"column":15}},{"start":{"line":41,"column":16},"end":{"line":40,"column":21}}]},"3":{"loc":{"start":{"line":50,"column":16},"end":{"line":50,"column":15}},"type":"binary-expr","locations":[{"start":{"line":50,"column":16},"end":{"line":50,"column":15}},{"start":{"line":50,"column":16},"end":{"line":49,"column":21}}]},"4":{"loc":{"start":{"line":71,"column":12},"end":{"line":71,"column":11}},"type":"binary-expr","locations":[{"start":{"line":71,"column":12},"end":{"line":71,"column":11}},{"start":{"line":71,"column":12},"end":{"line":70,"column":10}}]},"5":{"loc":{"start":{"line":77,"column":16},"end":{"line":77,"column":15}},"type":"binary-expr","locations":[{"start":{"line":77,"column":16},"end":{"line":77,"column":15}},{"start":{"line":77,"column":16},"end":{"line":76,"column":17}}]},"6":{"loc":{"start":{"line":83,"column":16},"end":{"line":83,"column":15}},"type":"binary-expr","locations":[{"start":{"line":83,"column":16},"end":{"line":83,"column":15}},{"start":{"line":83,"column":16},"end":{"line":82,"column":21}}]},"7":{"loc":{"start":{"line":89,"column":16},"end":{"line":89,"column":15}},"type":"binary-expr","locations":[{"start":{"line":89,"column":16},"end":{"line":89,"column":15}},{"start":{"line":89,"column":16},"end":{"line":88,"column":21}}]},"8":{"loc":{"start":{"line":95,"column":16},"end":{"line":95,"column":15}},"type":"binary-expr","locations":[{"start":{"line":95,"column":16},"end":{"line":95,"column":15}},{"start":{"line":95,"column":16},"end":{"line":94,"column":21}}]},"9":{"loc":{"start":{"line":107,"column":12},"end":{"line":107,"column":11}},"type":"binary-expr","locations":[{"start":{"line":107,"column":12},"end":{"line":107,"column":11}},{"start":{"line":107,"column":12},"end":{"line":106,"column":10}}]},"10":{"loc":{"start":{"line":111,"column":16},"end":{"line":111,"column":15}},"type":"binary-expr","locations":[{"start":{"line":111,"column":16},"end":{"line":111,"column":15}},{"start":{"line":111,"column":16},"end":{"line":110,"column":17}}]},"11":{"loc":{"start":{"line":115,"column":16},"end":{"line":115,"column":15}},"type":"binary-expr","locations":[{"start":{"line":115,"column":16},"end":{"line":115,"column":15}},{"start":{"line":115,"column":16},"end":{"line":114,"column":21}}]},"12":{"loc":{"start":{"line":119,"column":16},"end":{"line":119,"column":15}},"type":"binary-expr","locations":[{"start":{"line":119,"column":16},"end":{"line":119,"column":15}},{"start":{"line":119,"column":16},"end":{"line":118,"column":21}}]},"13":{"loc":{"start":{"line":130,"column":12},"end":{"line":130,"column":11}},"type":"binary-expr","locations":[{"start":{"line":130,"column":12},"end":{"line":130,"column":11}},{"start":{"line":130,"column":12},"end":{"line":129,"column":10}}]},"14":{"loc":{"start":{"line":134,"column":16},"end":{"line":134,"column":15}},"type":"binary-expr","locations":[{"start":{"line":134,"column":16},"end":{"line":134,"column":15}},{"start":{"line":134,"column":16},"end":{"line":133,"column":17}}]},"15":{"loc":{"start":{"line":138,"column":16},"end":{"line":138,"column":15}},"type":"binary-expr","locations":[{"start":{"line":138,"column":16},"end":{"line":138,"column":15}},{"start":{"line":138,"column":16},"end":{"line":137,"column":21}}]},"16":{"loc":{"start":{"line":142,"column":16},"end":{"line":142,"column":15}},"type":"binary-expr","locations":[{"start":{"line":142,"column":16},"end":{"line":142,"column":15}},{"start":{"line":142,"column":16},"end":{"line":141,"column":21}}]},"17":{"loc":{"start":{"line":152,"column":12},"end":{"line":152,"column":11}},"type":"binary-expr","locations":[{"start":{"line":152,"column":12},"end":{"line":152,"column":11}},{"start":{"line":152,"column":12},"end":{"line":151,"column":10}}]},"18":{"loc":{"start":{"line":156,"column":16},"end":{"line":156,"column":15}},"type":"binary-expr","locations":[{"start":{"line":156,"column":16},"end":{"line":156,"column":15}},{"start":{"line":156,"column":16},"end":{"line":155,"column":17}}]},"19":{"loc":{"start":{"line":160,"column":16},"end":{"line":160,"column":15}},"type":"binary-expr","locations":[{"start":{"line":160,"column":16},"end":{"line":160,"column":15}},{"start":{"line":160,"column":16},"end":{"line":159,"column":21}}]},"20":{"loc":{"start":{"line":164,"column":16},"end":{"line":164,"column":15}},"type":"binary-expr","locations":[{"start":{"line":164,"column":16},"end":{"line":164,"column":15}},{"start":{"line":164,"column":16},"end":{"line":163,"column":21}}]},"21":{"loc":{"start":{"line":174,"column":12},"end":{"line":174,"column":11}},"type":"binary-expr","locations":[{"start":{"line":174,"column":12},"end":{"line":174,"column":11}},{"start":{"line":174,"column":12},"end":{"line":173,"column":10}}]},"22":{"loc":{"start":{"line":178,"column":16},"end":{"line":178,"column":15}},"type":"binary-expr","locations":[{"start":{"line":178,"column":16},"end":{"line":178,"column":15}},{"start":{"line":178,"column":16},"end":{"line":177,"column":17}}]},"23":{"loc":{"start":{"line":182,"column":16},"end":{"line":182,"column":15}},"type":"binary-expr","locations":[{"start":{"line":182,"column":16},"end":{"line":182,"column":15}},{"start":{"line":182,"column":16},"end":{"line":181,"column":21}}]},"24":{"loc":{"start":{"line":186,"column":16},"end":{"line":186,"column":15}},"type":"binary-expr","locations":[{"start":{"line":186,"column":16},"end":{"line":186,"column":15}},{"start":{"line":186,"column":16},"end":{"line":185,"column":21}}]},"25":{"loc":{"start":{"line":196,"column":12},"end":{"line":196,"column":11}},"type":"binary-expr","locations":[{"start":{"line":196,"column":12},"end":{"line":196,"column":11}},{"start":{"line":196,"column":12},"end":{"line":195,"column":10}}]},"26":{"loc":{"start":{"line":200,"column":16},"end":{"line":200,"column":15}},"type":"binary-expr","locations":[{"start":{"line":200,"column":16},"end":{"line":200,"column":15}},{"start":{"line":200,"column":16},"end":{"line":199,"column":17}}]},"27":{"loc":{"start":{"line":204,"column":16},"end":{"line":204,"column":15}},"type":"binary-expr","locations":[{"start":{"line":204,"column":16},"end":{"line":204,"column":15}},{"start":{"line":204,"column":16},"end":{"line":203,"column":21}}]},"28":{"loc":{"start":{"line":208,"column":16},"end":{"line":208,"column":15}},"type":"binary-expr","locations":[{"start":{"line":208,"column":16},"end":{"line":208,"column":15}},{"start":{"line":208,"column":16},"end":{"line":207,"column":21}}]},"29":{"loc":{"start":{"line":219,"column":8},"end":{"line":219,"column":7}},"type":"binary-expr","locations":[{"start":{"line":219,"column":8},"end":{"line":219,"column":7}},{"start":{"line":219,"column":8},"end":{"line":218,"column":6}}]}},"s":{"0":0,"1":0,"2":0,"3":0,"4":0,"5":0,"6":0,"7":0,"8":0,"9":0,"10":0,"11":0,"12":0,"13":0,"14":0,"15":0,"16":0,"17":0,"18":0,"19":0,"20":0,"21":0,"22":0,"23":0,"24":0,"25":0,"26":0,"27":0,"28":0,"29":0,"30":0,"31":0,"32":0,"33":0},"f":{"0":0,"1":0,"2":0,"3":0,"4":0,"5":0,"6":0,"7":0,"8":0,"9":0,"10":0,"11":0,"12":0,"13":0,"14":0,"15":0,"16":0,"17":0,"18":0,"19":0,"20":0,"21":0,"22":0,"23":0,"24":0,"25":0,"26":0,"27":0,"28":0,"29":0},"b":{"0":[0,0],"1":[0,0],"2":[0,0],"3":[0,0],"4":[0,0],"5":[0,0],"6":[0,0],"7":[0,0],"8":[0,0],"9":[0,0],"10":[0,0],"11":[0,0],"12":[0,0],"13":[0,0],"14":[0,0],"15":[0,0],"16":[0,0],"17":[0,0],"18":[0,0],"19":[0,0],"20":[0,0],"21":[0,0],"22":[0,0],"23":[0,0],"24":[0,0],"25":[0,0],"26":[0,0],"27":[0,0],"28":[0,0],"29":[0,0]}}
}
