TN:
SF:/Users/ajainvivek/Dev/preact-fluid/src/keyframes.js
FNF:0
FNH:0
DA:1,0
DA:3,0
DA:14,0
LF:3
LH:0
BRF:0
BRH:0
end_of_record
TN:
SF:/Users/ajainvivek/Dev/preact-fluid/src/test-helpers.js
FN:8,createShallowRenderer
FN:10,(anonymous_1)
FN:23,(anonymous_2)
FN:31,simulate
FN:41,(anonymous_4)
FN:42,(anonymous_5)
FN:49,ContextWrapper
FNF:7
FNH:4
FNDA:1,createShallowRenderer
FNDA:4,(anonymous_1)
FNDA:1,(anonymous_2)
FNDA:0,simulate
FNDA:0,(anonymous_4)
FNDA:0,(anonymous_5)
FNDA:1,ContextWrapper
DA:9,1
DA:10,1
DA:11,4
DA:12,0
DA:14,4
DA:15,1
DA:17,3
DA:18,1
DA:20,3
DA:22,1
DA:23,1
DA:24,1
DA:25,1
DA:26,1
DA:33,0
DA:34,0
DA:38,0
DA:39,0
DA:41,0
DA:42,0
DA:43,0
DA:50,1
DA:51,1
LF:23
LH:15
BRDA:8,0,0,1
BRDA:8,1,0,1
BRDA:8,2,0,1
BRDA:11,3,0,0
BRDA:11,3,1,4
BRDA:14,4,0,1
BRDA:14,4,1,3
BRDA:17,5,0,1
BRDA:17,5,1,2
BRDA:33,6,0,0
BRDA:33,6,1,0
BRDA:38,7,0,0
BRDA:38,7,1,0
BRF:13
BRH:8
end_of_record
TN:
SF:/Users/ajainvivek/Dev/preact-fluid/src/theme.js
FN:2,shadeColor
FNF:1
FNH:0
FNDA:0,shadeColor
DA:4,0
DA:5,0
DA:6,0
DA:8,0
DA:9,0
DA:10,0
DA:12,0
DA:13,0
DA:14,0
DA:16,0
DA:17,0
DA:18,0
DA:20,0
DA:23,0
DA:24,0
DA:25,0
DA:26,0
DA:27,0
DA:28,0
DA:29,0
DA:30,0
DA:31,0
DA:32,0
DA:33,0
DA:34,0
DA:35,0
DA:36,0
DA:37,0
LF:28
LH:0
BRDA:12,0,0,0
BRDA:12,0,1,0
BRDA:13,1,0,0
BRDA:13,1,1,0
BRDA:14,2,0,0
BRDA:14,2,1,0
BRDA:16,3,0,0
BRDA:16,3,1,0
BRDA:17,4,0,0
BRDA:17,4,1,0
BRDA:18,5,0,0
BRDA:18,5,1,0
BRF:12
BRH:0
end_of_record
TN:
SF:/Users/ajainvivek/Dev/preact-fluid/src/Animate/Animate.js
FN:48,(anonymous_15)
FN:124,innerRef
FNF:2
FNH:0
FNDA:0,(anonymous_15)
FNDA:0,innerRef
DA:1,0
DA:2,0
DA:3,0
DA:4,0
DA:47,0
DA:48,0
DA:55,0
DA:56,0
DA:59,0
DA:62,0
DA:72,0
DA:73,0
DA:74,0
DA:79,0
DA:80,0
DA:81,0
DA:86,0
DA:87,0
DA:88,0
DA:92,0
DA:93,0
DA:104,0
DA:106,0
DA:108,0
DA:124,0
LF:25
LH:0
BRDA:73,0,0,0
BRDA:73,0,1,0
BRDA:73,1,0,0
BRDA:73,1,1,0
BRDA:80,2,0,0
BRDA:80,2,1,0
BRDA:80,3,0,0
BRDA:80,3,1,0
BRDA:87,4,0,0
BRDA:87,4,1,0
BRDA:87,5,0,0
BRDA:87,5,1,0
BRDA:55,6,0,0
BRDA:55,6,1,0
BRDA:93,7,0,0
BRDA:93,7,1,0
BRDA:96,8,0,0
BRDA:96,8,1,0
BRDA:97,9,0,0
BRDA:97,9,1,0
BRDA:98,10,0,0
BRDA:98,10,1,0
BRDA:99,11,0,0
BRDA:99,11,1,0
BRDA:100,12,0,0
BRDA:100,12,1,0
BRDA:101,13,0,0
BRDA:101,13,1,0
BRDA:102,14,0,0
BRDA:102,14,1,0
BRDA:103,15,0,0
BRDA:103,15,1,0
BRDA:106,16,0,0
BRDA:106,16,1,0
BRDA:106,16,2,0
BRDA:111,17,0,0
BRDA:111,17,1,0
BRF:37
BRH:0
end_of_record
TN:
SF:/Users/ajainvivek/Dev/preact-fluid/src/Animations/fadeIn.js
FNF:0
FNH:0
DA:1,0
DA:3,0
LF:2
LH:0
BRF:0
BRH:0
end_of_record
TN:
SF:/Users/ajainvivek/Dev/preact-fluid/src/Animations/fadeInPulse.js
FNF:0
FNH:0
DA:1,0
DA:3,0
LF:2
LH:0
BRF:0
BRH:0
end_of_record
TN:
SF:/Users/ajainvivek/Dev/preact-fluid/src/Animations/fallPerspective.js
FNF:0
FNH:0
DA:1,0
DA:3,0
LF:2
LH:0
BRF:0
BRH:0
end_of_record
TN:
SF:/Users/ajainvivek/Dev/preact-fluid/src/Animations/flip.js
FNF:0
FNH:0
DA:1,0
DA:3,0
LF:2
LH:0
BRF:0
BRH:0
end_of_record
TN:
SF:/Users/ajainvivek/Dev/preact-fluid/src/Animations/helix.js
FNF:0
FNH:0
DA:1,0
DA:3,0
LF:2
LH:0
BRF:0
BRH:0
end_of_record
TN:
SF:/Users/ajainvivek/Dev/preact-fluid/src/Animations/index.js
FNF:0
FNH:0
DA:1,0
DA:2,0
DA:3,0
DA:4,0
DA:5,0
DA:6,0
DA:7,0
DA:8,0
DA:9,0
DA:10,0
DA:11,0
DA:12,0
DA:13,0
DA:14,0
DA:15,0
DA:16,0
DA:17,0
DA:18,0
DA:19,0
DA:20,0
DA:21,0
DA:22,0
DA:23,0
DA:24,0
DA:25,0
DA:26,0
DA:27,0
DA:28,0
DA:29,0
DA:30,0
LF:30
LH:0
BRF:0
BRH:0
end_of_record
TN:
SF:/Users/ajainvivek/Dev/preact-fluid/src/Animations/moveUp.js
FNF:0
FNH:0
DA:1,0
DA:3,0
LF:2
LH:0
BRF:0
BRH:0
end_of_record
TN:
SF:/Users/ajainvivek/Dev/preact-fluid/src/Animations/perspectiveDown.js
FNF:0
FNH:0
DA:1,0
DA:3,0
LF:2
LH:0
BRF:0
BRH:0
end_of_record
TN:
SF:/Users/ajainvivek/Dev/preact-fluid/src/Animations/perspectiveLeft.js
FNF:0
FNH:0
DA:1,0
DA:3,0
LF:2
LH:0
BRF:0
BRH:0
end_of_record
TN:
SF:/Users/ajainvivek/Dev/preact-fluid/src/Animations/perspectiveRight.js
FNF:0
FNH:0
DA:1,0
DA:3,0
LF:2
LH:0
BRF:0
BRH:0
end_of_record
TN:
SF:/Users/ajainvivek/Dev/preact-fluid/src/Animations/perspectiveUp.js
FNF:0
FNH:0
DA:1,0
DA:3,0
LF:2
LH:0
BRF:0
BRH:0
end_of_record
TN:
SF:/Users/ajainvivek/Dev/preact-fluid/src/Animations/pop.js
FNF:0
FNH:0
DA:1,0
DA:3,0
LF:2
LH:0
BRF:0
BRH:0
end_of_record
TN:
SF:/Users/ajainvivek/Dev/preact-fluid/src/Animations/popDownwards.js
FNF:0
FNH:0
DA:1,0
DA:3,0
LF:2
LH:0
BRF:0
BRH:0
end_of_record
TN:
SF:/Users/ajainvivek/Dev/preact-fluid/src/Animations/popUpwards.js
FNF:0
FNH:0
DA:1,0
DA:3,0
LF:2
LH:0
BRF:0
BRH:0
end_of_record
TN:
SF:/Users/ajainvivek/Dev/preact-fluid/src/Animations/puffIn.js
FNF:0
FNH:0
DA:1,0
DA:3,0
LF:2
LH:0
BRF:0
BRH:0
end_of_record
TN:
SF:/Users/ajainvivek/Dev/preact-fluid/src/Animations/puffOut.js
FNF:0
FNH:0
DA:1,0
DA:3,0
LF:2
LH:0
BRF:0
BRH:0
end_of_record
TN:
SF:/Users/ajainvivek/Dev/preact-fluid/src/Animations/pulseShadow.js
FNF:0
FNH:0
DA:1,0
DA:3,0
LF:2
LH:0
BRF:0
BRH:0
end_of_record
TN:
SF:/Users/ajainvivek/Dev/preact-fluid/src/Animations/rotate.js
FNF:0
FNH:0
DA:1,0
DA:3,0
LF:2
LH:0
BRF:0
BRH:0
end_of_record
TN:
SF:/Users/ajainvivek/Dev/preact-fluid/src/Animations/scaleUp.js
FNF:0
FNH:0
DA:1,0
DA:3,0
LF:2
LH:0
BRF:0
BRH:0
end_of_record
TN:
SF:/Users/ajainvivek/Dev/preact-fluid/src/Animations/shake.js
FNF:0
FNH:0
DA:1,0
DA:3,0
LF:2
LH:0
BRF:0
BRH:0
end_of_record
TN:
SF:/Users/ajainvivek/Dev/preact-fluid/src/Animations/shimmyShake.js
FNF:0
FNH:0
DA:1,0
DA:3,0
LF:2
LH:0
BRF:0
BRH:0
end_of_record
TN:
SF:/Users/ajainvivek/Dev/preact-fluid/src/Animations/slideDown.js
FNF:0
FNH:0
DA:1,0
DA:3,0
LF:2
LH:0
BRF:0
BRH:0
end_of_record
TN:
SF:/Users/ajainvivek/Dev/preact-fluid/src/Animations/slideIn.js
FNF:0
FNH:0
DA:1,0
DA:3,0
LF:2
LH:0
BRF:0
BRH:0
end_of_record
TN:
SF:/Users/ajainvivek/Dev/preact-fluid/src/Animations/slideInRight.js
FNF:0
FNH:0
DA:1,0
DA:3,0
LF:2
LH:0
BRF:0
BRH:0
end_of_record
TN:
SF:/Users/ajainvivek/Dev/preact-fluid/src/Animations/slideLeft.js
FNF:0
FNH:0
DA:1,0
DA:3,0
LF:2
LH:0
BRF:0
BRH:0
end_of_record
TN:
SF:/Users/ajainvivek/Dev/preact-fluid/src/Animations/slideOut.js
FNF:0
FNH:0
DA:1,0
DA:3,0
LF:2
LH:0
BRF:0
BRH:0
end_of_record
TN:
SF:/Users/ajainvivek/Dev/preact-fluid/src/Animations/slideRight.js
FNF:0
FNH:0
DA:1,0
DA:3,0
LF:2
LH:0
BRF:0
BRH:0
end_of_record
TN:
SF:/Users/ajainvivek/Dev/preact-fluid/src/Animations/slideRightLeft.js
FNF:0
FNH:0
DA:1,0
DA:3,0
LF:2
LH:0
BRF:0
BRH:0
end_of_record
TN:
SF:/Users/ajainvivek/Dev/preact-fluid/src/Animations/slideUp.js
FNF:0
FNH:0
DA:1,0
DA:3,0
LF:2
LH:0
BRF:0
BRH:0
end_of_record
TN:
SF:/Users/ajainvivek/Dev/preact-fluid/src/Animations/vanishIn.js
FNF:0
FNH:0
DA:1,0
DA:3,0
LF:2
LH:0
BRF:0
BRH:0
end_of_record
TN:
SF:/Users/ajainvivek/Dev/preact-fluid/src/Animations/vanishOut.js
FNF:0
FNH:0
DA:1,0
DA:3,0
LF:2
LH:0
BRF:0
BRH:0
end_of_record
TN:
SF:/Users/ajainvivek/Dev/preact-fluid/src/AppBar/AppBar.js
FNF:0
FNH:0
DA:1,0
DA:2,0
DA:3,0
DA:5,0
DA:6,0
DA:59,0
DA:60,0
DA:62,0
DA:63,0
DA:66,0
DA:69,0
DA:76,0
DA:78,0
DA:80,0
DA:99,0
DA:104,0
LF:16
LH:0
BRDA:60,0,0,0
BRDA:60,0,1,0
BRDA:60,1,0,0
BRDA:60,1,1,0
BRDA:62,2,0,0
BRDA:62,2,1,0
BRF:6
BRH:0
end_of_record
TN:
SF:/Users/ajainvivek/Dev/preact-fluid/src/AppBar/styles.js
FN:14,(anonymous_2)
FN:22,(anonymous_3)
FN:25,(anonymous_4)
FN:26,(anonymous_5)
FN:27,(anonymous_6)
FN:30,(anonymous_7)
FN:31,(anonymous_8)
FNF:7
FNH:0
FNDA:0,(anonymous_2)
FNDA:0,(anonymous_3)
FNDA:0,(anonymous_4)
FNDA:0,(anonymous_5)
FNDA:0,(anonymous_6)
FNDA:0,(anonymous_7)
FNDA:0,(anonymous_8)
DA:1,0
DA:2,0
DA:4,0
DA:14,0
DA:22,0
DA:25,0
DA:26,0
DA:27,0
DA:30,0
DA:31,0
DA:35,0
DA:40,0
DA:50,0
LF:13
LH:0
BRDA:23,0,0,0
BRDA:23,0,1,0
BRDA:28,1,0,0
BRDA:28,1,1,0
BRF:4
BRH:0
end_of_record
TN:
SF:/Users/ajainvivek/Dev/preact-fluid/src/Button/Button.js
FN:61,(anonymous_11)
FNF:1
FNH:0
FNDA:0,(anonymous_11)
DA:1,0
DA:2,0
DA:3,0
DA:56,0
DA:60,0
DA:61,0
DA:63,0
DA:64,0
DA:65,0
DA:70,0
DA:71,0
DA:75,0
DA:76,0
DA:83,0
DA:84,0
DA:86,0
LF:16
LH:0
BRDA:64,0,0,0
BRDA:64,0,1,0
BRDA:70,1,0,0
BRDA:70,1,1,0
BRDA:76,2,0,0
BRDA:76,2,1,0
BRDA:78,3,0,0
BRDA:78,3,1,0
BRDA:79,4,0,0
BRDA:79,4,1,0
BRDA:90,5,0,0
BRDA:90,5,1,0
BRDA:97,6,0,0
BRDA:97,6,1,0
BRDA:98,7,0,0
BRDA:98,7,1,0
BRF:16
BRH:0
end_of_record
TN:
SF:/Users/ajainvivek/Dev/preact-fluid/src/Button/styles.js
FN:21,(anonymous_2)
FN:23,(anonymous_3)
FN:33,(anonymous_4)
FN:55,(anonymous_5)
FN:75,(anonymous_6)
FN:99,(anonymous_7)
FN:103,(anonymous_8)
FN:106,(anonymous_9)
FN:107,(anonymous_10)
FN:109,(anonymous_11)
FN:112,(anonymous_12)
FN:113,(anonymous_13)
FN:114,(anonymous_14)
FN:116,(anonymous_15)
FN:119,(anonymous_16)
FN:120,(anonymous_17)
FN:122,(anonymous_18)
FN:125,(anonymous_19)
FN:126,(anonymous_20)
FN:127,(anonymous_21)
FN:129,(anonymous_22)
FNF:21
FNH:0
FNDA:0,(anonymous_2)
FNDA:0,(anonymous_3)
FNDA:0,(anonymous_4)
FNDA:0,(anonymous_5)
FNDA:0,(anonymous_6)
FNDA:0,(anonymous_7)
FNDA:0,(anonymous_8)
FNDA:0,(anonymous_9)
FNDA:0,(anonymous_10)
FNDA:0,(anonymous_11)
FNDA:0,(anonymous_12)
FNDA:0,(anonymous_13)
FNDA:0,(anonymous_14)
FNDA:0,(anonymous_15)
FNDA:0,(anonymous_16)
FNDA:0,(anonymous_17)
FNDA:0,(anonymous_18)
FNDA:0,(anonymous_19)
FNDA:0,(anonymous_20)
FNDA:0,(anonymous_21)
FNDA:0,(anonymous_22)
DA:1,0
DA:2,0
DA:3,0
DA:5,0
DA:21,0
DA:23,0
DA:33,0
DA:55,0
DA:75,0
DA:99,0
DA:103,0
DA:106,0
DA:107,0
DA:109,0
DA:112,0
DA:113,0
DA:114,0
DA:116,0
DA:119,0
DA:120,0
DA:122,0
DA:125,0
DA:126,0
DA:127,0
DA:129,0
DA:136,0
LF:26
LH:0
BRDA:21,0,0,0
BRDA:21,0,1,0
BRDA:56,1,0,0
BRDA:56,1,1,0
BRDA:59,2,0,0
BRDA:59,2,1,0
BRDA:63,3,0,0
BRDA:63,3,1,0
BRDA:61,4,0,0
BRDA:61,4,1,0
BRDA:100,5,0,0
BRDA:100,5,1,0
BRDA:104,6,0,0
BRDA:104,6,1,0
BRDA:117,7,0,0
BRDA:117,7,1,0
BRDA:130,8,0,0
BRDA:130,8,1,0
BRF:18
BRH:0
end_of_record
TN:
SF:/Users/ajainvivek/Dev/preact-fluid/src/Card/Card.js
FNF:0
FNH:0
DA:1,0
DA:2,0
DA:3,0
DA:29,0
DA:30,0
DA:31,0
DA:32,0
LF:7
LH:0
BRF:0
BRH:0
end_of_record
TN:
SF:/Users/ajainvivek/Dev/preact-fluid/src/Card/CardBody.js
FNF:0
FNH:0
DA:1,0
DA:2,0
DA:3,0
DA:20,0
DA:21,0
DA:22,0
DA:23,0
LF:7
LH:0
BRF:0
BRH:0
end_of_record
TN:
SF:/Users/ajainvivek/Dev/preact-fluid/src/Card/CardFooter.js
FNF:0
FNH:0
DA:1,0
DA:2,0
DA:3,0
DA:4,0
DA:5,0
DA:22,0
DA:23,0
DA:24,0
DA:25,0
LF:9
LH:0
BRF:0
BRH:0
end_of_record
TN:
SF:/Users/ajainvivek/Dev/preact-fluid/src/Card/CardHeader.js
FNF:0
FNH:0
DA:1,0
DA:2,0
DA:3,0
DA:20,0
DA:21,0
DA:22,0
DA:23,0
LF:7
LH:0
BRF:0
BRH:0
end_of_record
TN:
SF:/Users/ajainvivek/Dev/preact-fluid/src/Card/CardImage.js
FNF:0
FNH:0
DA:1,0
DA:2,0
DA:3,0
DA:4,0
DA:22,0
DA:23,0
DA:25,0
DA:33,0
DA:40,0
DA:41,0
DA:42,0
LF:11
LH:0
BRDA:22,0,0,0
BRDA:22,0,1,0
BRDA:27,1,0,0
BRDA:27,1,1,0
BRDA:28,2,0,0
BRDA:28,2,1,0
BRDA:39,3,0,0
BRDA:39,3,1,0
BRF:8
BRH:0
end_of_record
TN:
SF:/Users/ajainvivek/Dev/preact-fluid/src/Card/styles.js
FN:5,(anonymous_2)
FN:6,(anonymous_3)
FN:20,(anonymous_4)
FN:41,(anonymous_5)
FN:44,(anonymous_6)
FN:47,(anonymous_7)
FN:48,(anonymous_8)
FN:59,(anonymous_9)
FN:62,(anonymous_10)
FN:65,(anonymous_11)
FN:66,(anonymous_12)
FN:94,(anonymous_13)
FN:107,(anonymous_14)
FN:113,(anonymous_15)
FN:129,(anonymous_16)
FNF:15
FNH:0
FNDA:0,(anonymous_2)
FNDA:0,(anonymous_3)
FNDA:0,(anonymous_4)
FNDA:0,(anonymous_5)
FNDA:0,(anonymous_6)
FNDA:0,(anonymous_7)
FNDA:0,(anonymous_8)
FNDA:0,(anonymous_9)
FNDA:0,(anonymous_10)
FNDA:0,(anonymous_11)
FNDA:0,(anonymous_12)
FNDA:0,(anonymous_13)
FNDA:0,(anonymous_14)
FNDA:0,(anonymous_15)
FNDA:0,(anonymous_16)
DA:1,0
DA:2,0
DA:4,0
DA:5,0
DA:6,0
DA:20,0
DA:27,0
DA:37,0
DA:41,0
DA:44,0
DA:47,0
DA:48,0
DA:55,0
DA:59,0
DA:62,0
DA:65,0
DA:66,0
DA:73,0
DA:94,0
DA:101,0
DA:107,0
DA:113,0
DA:120,0
DA:129,0
DA:136,0
DA:140,0
DA:144,0
DA:148,0
DA:152,0
DA:156,0
DA:160,0
LF:31
LH:0
BRDA:21,0,0,0
BRDA:21,0,1,0
BRDA:45,1,0,0
BRDA:45,1,1,0
BRDA:49,2,0,0
BRDA:49,2,1,0
BRDA:63,3,0,0
BRDA:63,3,1,0
BRDA:67,4,0,0
BRDA:67,4,1,0
BRDA:95,5,0,0
BRDA:95,5,1,0
BRDA:114,6,0,0
BRDA:114,6,1,0
BRDA:130,7,0,0
BRDA:130,7,1,0
BRF:16
BRH:0
end_of_record
TN:
SF:/Users/ajainvivek/Dev/preact-fluid/src/Dropdown/Dropdown.js
FN:73,(anonymous_11)
FN:87,(anonymous_13)
FN:102,(anonymous_15)
FN:137,innerRef
FN:140,onClick
FN:148,ref
FNF:6
FNH:0
FNDA:0,(anonymous_11)
FNDA:0,(anonymous_13)
FNDA:0,(anonymous_15)
FNDA:0,innerRef
FNDA:0,onClick
FNDA:0,ref
DA:1,0
DA:2,0
DA:3,0
DA:4,0
DA:48,0
DA:52,0
DA:57,0
DA:59,0
DA:61,0
DA:62,0
DA:67,0
DA:69,0
DA:74,0
DA:75,0
DA:82,0
DA:83,0
DA:88,0
DA:89,0
DA:96,0
DA:98,0
DA:103,0
DA:104,0
DA:110,0
DA:111,0
DA:112,0
DA:114,0
DA:128,0
DA:129,0
DA:130,0
DA:132,0
DA:137,0
DA:141,0
DA:148,0
LF:33
LH:0
BRDA:57,0,0,0
BRDA:57,0,1,0
BRDA:59,1,0,0
BRDA:59,1,1,0
BRDA:61,2,0,0
BRDA:61,2,1,0
BRDA:61,3,0,0
BRDA:61,3,1,0
BRDA:74,4,0,0
BRDA:74,4,1,0
BRDA:88,5,0,0
BRDA:88,5,1,0
BRDA:103,6,0,0
BRDA:103,6,1,0
BRDA:111,7,0,0
BRDA:111,7,1,0
BRDA:118,8,0,0
BRDA:118,8,1,0
BRDA:129,9,0,0
BRDA:129,9,1,0
BRF:20
BRH:0
end_of_record
TN:
SF:/Users/ajainvivek/Dev/preact-fluid/src/Dropdown/styles.js
FN:45,(anonymous_2)
FNF:1
FNH:0
FNDA:0,(anonymous_2)
DA:1,0
DA:2,0
DA:6,0
DA:20,0
DA:31,0
DA:45,0
DA:52,0
LF:7
LH:0
BRDA:46,0,0,0
BRDA:46,0,1,0
BRF:2
BRH:0
end_of_record
TN:
SF:/Users/ajainvivek/Dev/preact-fluid/src/Form/Checkbox/Checkbox.js
FNF:0
FNH:0
DA:1,0
DA:2,0
DA:3,0
DA:4,0
DA:5,0
DA:52,0
DA:57,0
DA:59,0
DA:60,0
DA:63,0
DA:71,0
DA:72,0
DA:76,0
DA:85,0
DA:86,0
DA:88,0
LF:16
LH:0
BRDA:71,0,0,0
BRDA:71,0,1,0
BRDA:78,1,0,0
BRDA:78,1,1,0
BRDA:81,2,0,0
BRDA:81,2,1,0
BRDA:54,3,0,0
BRDA:54,3,1,0
BRDA:55,4,0,0
BRDA:55,4,1,0
BRDA:56,5,0,0
BRDA:56,5,1,0
BRDA:59,6,0,0
BRDA:59,6,1,0
BRF:14
BRH:0
end_of_record
TN:
SF:/Users/ajainvivek/Dev/preact-fluid/src/Form/Checkbox/styles.js
FN:39,(anonymous_2)
FN:45,(anonymous_3)
FN:54,(anonymous_4)
FN:62,(anonymous_5)
FN:72,(anonymous_6)
FNF:5
FNH:0
FNDA:0,(anonymous_2)
FNDA:0,(anonymous_3)
FNDA:0,(anonymous_4)
FNDA:0,(anonymous_5)
FNDA:0,(anonymous_6)
DA:1,0
DA:2,0
DA:4,0
DA:13,0
DA:14,0
DA:16,0
DA:39,0
DA:45,0
DA:54,0
DA:62,0
DA:72,0
DA:77,0
DA:84,0
DA:88,0
LF:14
LH:0
BRDA:72,0,0,0
BRDA:72,0,1,0
BRF:2
BRH:0
end_of_record
TN:
SF:/Users/ajainvivek/Dev/preact-fluid/src/Form/Radio/Radio.js
FN:93,onClick
FN:101,ref
FNF:2
FNH:0
FNDA:0,onClick
FNDA:0,ref
DA:1,0
DA:2,0
DA:3,0
DA:4,0
DA:5,0
DA:53,0
DA:58,0
DA:60,0
DA:61,0
DA:64,0
DA:72,0
DA:73,0
DA:77,0
DA:87,0
DA:88,0
DA:90,0
DA:93,0
DA:101,0
LF:18
LH:0
BRDA:72,0,0,0
BRDA:72,0,1,0
BRDA:79,1,0,0
BRDA:79,1,1,0
BRDA:81,2,0,0
BRDA:81,2,1,0
BRDA:82,3,0,0
BRDA:82,3,1,0
BRDA:55,4,0,0
BRDA:55,4,1,0
BRDA:56,5,0,0
BRDA:56,5,1,0
BRDA:57,6,0,0
BRDA:57,6,1,0
BRDA:60,7,0,0
BRDA:60,7,1,0
BRF:16
BRH:0
end_of_record
TN:
SF:/Users/ajainvivek/Dev/preact-fluid/src/Form/Radio/styles.js
FN:41,(anonymous_2)
FN:43,(anonymous_3)
FN:58,(anonymous_4)
FN:59,(anonymous_5)
FN:64,(anonymous_6)
FN:71,(anonymous_7)
FN:74,(anonymous_8)
FN:82,(anonymous_9)
FN:84,(anonymous_10)
FN:92,(anonymous_11)
FN:94,(anonymous_12)
FN:100,(anonymous_13)
FN:102,(anonymous_14)
FN:148,(anonymous_15)
FN:152,(anonymous_16)
FN:172,(anonymous_17)
FN:176,(anonymous_18)
FNF:17
FNH:0
FNDA:0,(anonymous_2)
FNDA:0,(anonymous_3)
FNDA:0,(anonymous_4)
FNDA:0,(anonymous_5)
FNDA:0,(anonymous_6)
FNDA:0,(anonymous_7)
FNDA:0,(anonymous_8)
FNDA:0,(anonymous_9)
FNDA:0,(anonymous_10)
FNDA:0,(anonymous_11)
FNDA:0,(anonymous_12)
FNDA:0,(anonymous_13)
FNDA:0,(anonymous_14)
FNDA:0,(anonymous_15)
FNDA:0,(anonymous_16)
FNDA:0,(anonymous_17)
FNDA:0,(anonymous_18)
DA:1,0
DA:2,0
DA:4,0
DA:15,0
DA:26,0
DA:41,0
DA:43,0
DA:58,0
DA:59,0
DA:64,0
DA:71,0
DA:74,0
DA:82,0
DA:84,0
DA:92,0
DA:94,0
DA:100,0
DA:102,0
DA:148,0
DA:152,0
DA:172,0
DA:176,0
DA:185,0
DA:192,0
DA:196,0
LF:25
LH:0
BRDA:43,0,0,0
BRDA:43,0,1,0
BRDA:64,1,0,0
BRDA:64,1,1,0
BRDA:74,2,0,0
BRDA:74,2,1,0
BRDA:84,3,0,0
BRDA:84,3,1,0
BRDA:94,4,0,0
BRDA:94,4,1,0
BRDA:102,5,0,0
BRDA:102,5,1,0
BRDA:152,6,0,0
BRDA:152,6,1,0
BRDA:172,7,0,0
BRDA:172,7,1,0
BRDA:176,8,0,0
BRDA:176,8,1,0
BRF:18
BRH:0
end_of_record
TN:
SF:/Users/ajainvivek/Dev/preact-fluid/src/Form/RadioGroup/RadioGroup.js
FN:81,(anonymous_11)
FN:114,(anonymous_14)
FNF:2
FNH:0
FNDA:0,(anonymous_11)
FNDA:0,(anonymous_14)
DA:1,0
DA:2,0
DA:3,0
DA:50,0
DA:55,0
DA:57,0
DA:58,0
DA:61,0
DA:69,0
DA:70,0
DA:71,0
DA:72,0
DA:74,0
DA:78,0
DA:79,0
DA:82,0
DA:83,0
DA:89,0
DA:91,0
DA:100,0
DA:101,0
DA:103,0
DA:115,0
LF:23
LH:0
BRDA:82,0,0,0
BRDA:82,0,1,0
BRDA:92,1,0,0
BRDA:92,1,1,0
BRDA:101,2,0,0
BRDA:101,2,1,0
BRDA:52,3,0,0
BRDA:52,3,1,0
BRDA:53,4,0,0
BRDA:53,4,1,0
BRDA:54,5,0,0
BRDA:54,5,1,0
BRDA:57,6,0,0
BRDA:57,6,1,0
BRDA:71,7,0,0
BRDA:71,7,1,0
BRF:16
BRH:0
end_of_record
TN:
SF:/Users/ajainvivek/Dev/preact-fluid/src/Form/RadioGroup/styles.js
FN:7,(anonymous_2)
FN:13,(anonymous_3)
FN:17,(anonymous_4)
FNF:3
FNH:0
FNDA:0,(anonymous_2)
FNDA:0,(anonymous_3)
FNDA:0,(anonymous_4)
DA:1,0
DA:3,0
DA:7,0
DA:13,0
DA:17,0
DA:22,0
LF:6
LH:0
BRDA:7,0,0,0
BRDA:7,0,1,0
BRDA:13,1,0,0
BRDA:13,1,1,0
BRDA:17,2,0,0
BRDA:17,2,1,0
BRF:6
BRH:0
end_of_record
TN:
SF:/Users/ajainvivek/Dev/preact-fluid/src/Form/TextField/TextField.js
FNF:0
FNH:0
DA:1,0
DA:2,0
DA:3,0
DA:4,0
DA:5,0
DA:46,0
DA:51,0
DA:53,0
DA:54,0
DA:57,0
DA:65,0
DA:66,0
DA:71,0
DA:72,0
DA:74,0
DA:79,0
DA:92,0
DA:93,0
DA:95,0
LF:19
LH:0
BRDA:65,0,0,0
BRDA:65,0,1,0
BRDA:71,1,0,0
BRDA:71,1,1,0
BRDA:86,2,0,0
BRDA:86,2,1,0
BRDA:87,3,0,0
BRDA:87,3,1,0
BRDA:88,4,0,0
BRDA:88,4,1,0
BRDA:89,5,0,0
BRDA:89,5,1,0
BRDA:90,6,0,0
BRDA:90,6,1,0
BRDA:91,7,0,0
BRDA:91,7,1,0
BRDA:48,8,0,0
BRDA:48,8,1,0
BRDA:49,9,0,0
BRDA:49,9,1,0
BRDA:50,10,0,0
BRDA:50,10,1,0
BRDA:53,11,0,0
BRDA:53,11,1,0
BRF:24
BRH:0
end_of_record
TN:
SF:/Users/ajainvivek/Dev/preact-fluid/src/Form/TextField/styles.js
FN:6,(anonymous_2)
FN:17,(anonymous_3)
FN:27,(anonymous_4)
FN:30,(anonymous_5)
FN:40,(anonymous_6)
FN:41,(anonymous_7)
FN:44,(anonymous_8)
FN:47,(anonymous_9)
FN:50,(anonymous_10)
FN:51,(anonymous_11)
FN:54,(anonymous_12)
FN:55,(anonymous_13)
FN:60,(anonymous_14)
FN:69,(anonymous_15)
FN:72,(anonymous_16)
FN:75,(anonymous_17)
FN:76,(anonymous_18)
FN:81,(anonymous_19)
FN:92,(anonymous_20)
FN:93,(anonymous_21)
FN:97,(anonymous_22)
FN:98,(anonymous_23)
FN:103,(anonymous_24)
FN:127,(anonymous_25)
FN:128,(anonymous_26)
FN:130,(anonymous_27)
FN:135,(anonymous_28)
FN:143,(anonymous_29)
FN:160,(anonymous_30)
FN:166,(anonymous_31)
FN:169,(anonymous_32)
FN:170,(anonymous_33)
FN:174,(anonymous_34)
FN:180,(anonymous_35)
FN:183,(anonymous_36)
FN:184,(anonymous_37)
FN:188,(anonymous_38)
FN:197,(anonymous_39)
FN:200,(anonymous_40)
FN:201,(anonymous_41)
FN:220,(anonymous_42)
FN:223,(anonymous_43)
FN:224,(anonymous_44)
FNF:43
FNH:0
FNDA:0,(anonymous_2)
FNDA:0,(anonymous_3)
FNDA:0,(anonymous_4)
FNDA:0,(anonymous_5)
FNDA:0,(anonymous_6)
FNDA:0,(anonymous_7)
FNDA:0,(anonymous_8)
FNDA:0,(anonymous_9)
FNDA:0,(anonymous_10)
FNDA:0,(anonymous_11)
FNDA:0,(anonymous_12)
FNDA:0,(anonymous_13)
FNDA:0,(anonymous_14)
FNDA:0,(anonymous_15)
FNDA:0,(anonymous_16)
FNDA:0,(anonymous_17)
FNDA:0,(anonymous_18)
FNDA:0,(anonymous_19)
FNDA:0,(anonymous_20)
FNDA:0,(anonymous_21)
FNDA:0,(anonymous_22)
FNDA:0,(anonymous_23)
FNDA:0,(anonymous_24)
FNDA:0,(anonymous_25)
FNDA:0,(anonymous_26)
FNDA:0,(anonymous_27)
FNDA:0,(anonymous_28)
FNDA:0,(anonymous_29)
FNDA:0,(anonymous_30)
FNDA:0,(anonymous_31)
FNDA:0,(anonymous_32)
FNDA:0,(anonymous_33)
FNDA:0,(anonymous_34)
FNDA:0,(anonymous_35)
FNDA:0,(anonymous_36)
FNDA:0,(anonymous_37)
FNDA:0,(anonymous_38)
FNDA:0,(anonymous_39)
FNDA:0,(anonymous_40)
FNDA:0,(anonymous_41)
FNDA:0,(anonymous_42)
FNDA:0,(anonymous_43)
FNDA:0,(anonymous_44)
DA:1,0
DA:2,0
DA:4,0
DA:6,0
DA:17,0
DA:27,0
DA:30,0
DA:40,0
DA:41,0
DA:44,0
DA:47,0
DA:50,0
DA:51,0
DA:54,0
DA:55,0
DA:60,0
DA:69,0
DA:72,0
DA:75,0
DA:76,0
DA:81,0
DA:92,0
DA:93,0
DA:97,0
DA:98,0
DA:103,0
DA:127,0
DA:128,0
DA:130,0
DA:135,0
DA:140,0
DA:143,0
DA:146,0
DA:153,0
DA:159,0
DA:160,0
DA:166,0
DA:169,0
DA:170,0
DA:174,0
DA:180,0
DA:183,0
DA:184,0
DA:188,0
DA:197,0
DA:200,0
DA:201,0
DA:220,0
DA:223,0
DA:224,0
DA:237,0
DA:241,0
DA:245,0
DA:249,0
DA:253,0
LF:55
LH:0
BRDA:30,0,0,0
BRDA:30,0,1,0
BRDA:40,1,0,0
BRDA:40,1,1,0
BRDA:44,2,0,0
BRDA:44,2,1,0
BRDA:50,3,0,0
BRDA:50,3,1,0
BRDA:54,4,0,0
BRDA:54,4,1,0
BRDA:69,5,0,0
BRDA:69,5,1,0
BRDA:75,6,0,0
BRDA:75,6,1,0
BRDA:92,7,0,0
BRDA:92,7,1,0
BRDA:97,8,0,0
BRDA:97,8,1,0
BRDA:127,9,0,0
BRDA:127,9,1,0
BRDA:135,10,0,0
BRDA:135,10,1,0
BRDA:160,11,0,0
BRDA:160,11,1,0
BRDA:169,12,0,0
BRDA:169,12,1,0
BRDA:174,13,0,0
BRDA:174,13,1,0
BRDA:183,14,0,0
BRDA:183,14,1,0
BRDA:188,15,0,0
BRDA:188,15,1,0
BRDA:200,16,0,0
BRDA:200,16,1,0
BRDA:223,17,0,0
BRDA:223,17,1,0
BRF:36
BRH:0
end_of_record
TN:
SF:/Users/ajainvivek/Dev/preact-fluid/src/Icon/Icon.js
FN:38,(anonymous_0)
FNF:1
FNH:1
FNDA:1,(anonymous_0)
DA:39,1
DA:40,1
LF:2
LH:2
BRF:0
BRH:0
end_of_record
TN:
SF:/Users/ajainvivek/Dev/preact-fluid/src/Icon/styles.js
FN:16,(anonymous_0)
FN:22,(anonymous_1)
FNF:2
FNH:0
FNDA:0,(anonymous_0)
FNDA:0,(anonymous_1)
DA:3,1
DA:11,1
DA:17,0
DA:23,0
LF:4
LH:2
BRDA:17,0,0,0
BRDA:17,0,1,0
BRDA:23,1,0,0
BRDA:23,1,1,0
BRF:4
BRH:0
end_of_record
TN:
SF:/Users/ajainvivek/Dev/preact-fluid/src/Image/Image.js
FN:35,(anonymous_13)
FNF:1
FNH:0
FNDA:0,(anonymous_13)
DA:1,0
DA:2,0
DA:3,0
DA:25,0
DA:34,0
DA:35,0
DA:36,0
DA:40,0
DA:41,0
DA:48,0
DA:49,0
DA:65,0
DA:67,0
DA:68,0
DA:69,0
DA:70,0
LF:16
LH:0
BRDA:34,0,0,0
BRDA:34,0,1,0
BRDA:34,1,0,0
BRDA:34,1,1,0
BRDA:40,2,0,0
BRDA:40,2,1,0
BRDA:48,3,0,0
BRDA:48,3,1,0
BRDA:56,4,0,0
BRDA:56,4,1,0
BRDA:68,5,0,0
BRDA:68,5,1,0
BRDA:69,6,0,0
BRDA:69,6,1,0
BRDA:69,7,0,0
BRDA:69,7,1,0
BRF:16
BRH:0
end_of_record
TN:
SF:/Users/ajainvivek/Dev/preact-fluid/src/Image/styles.js
FN:7,(anonymous_2)
FN:18,src
FN:19,onLoad
FN:20,onError
FN:28,(anonymous_6)
FN:32,(anonymous_7)
FNF:6
FNH:0
FNDA:0,(anonymous_2)
FNDA:0,src
FNDA:0,onLoad
FNDA:0,onError
FNDA:0,(anonymous_6)
FNDA:0,(anonymous_7)
DA:1,0
DA:3,0
DA:7,0
DA:17,0
DA:18,0
DA:19,0
DA:20,0
DA:28,0
DA:32,0
LF:9
LH:0
BRDA:8,0,0,0
BRDA:8,0,1,0
BRDA:18,1,0,0
BRDA:18,1,1,0
BRDA:29,2,0,0
BRDA:29,2,1,0
BRDA:33,3,0,0
BRDA:33,3,1,0
BRF:8
BRH:0
end_of_record
TN:
SF:/Users/ajainvivek/Dev/preact-fluid/src/Layout/Cell.js
FNF:0
FNH:0
DA:1,0
DA:2,0
DA:11,0
LF:3
LH:0
BRF:0
BRH:0
end_of_record
TN:
SF:/Users/ajainvivek/Dev/preact-fluid/src/Layout/Grid.js
FNF:0
FNH:0
DA:1,0
DA:2,0
DA:11,0
LF:3
LH:0
BRF:0
BRH:0
end_of_record
TN:
SF:/Users/ajainvivek/Dev/preact-fluid/src/Layout/styles.js
FN:3,autoRows
FN:5,columns
FN:8,gap
FN:10,flow
FN:12,formatAreas
FN:12,(anonymous_7)
FN:18,(anonymous_8)
FN:21,(anonymous_9)
FN:22,(anonymous_10)
FN:24,(anonymous_11)
FN:25,(anonymous_12)
FN:32,(anonymous_13)
FN:44,(anonymous_14)
FN:45,(anonymous_15)
FN:46,(anonymous_16)
FN:47,(anonymous_17)
FN:48,(anonymous_18)
FN:49,(anonymous_19)
FN:50,(anonymous_20)
FN:59,(anonymous_21)
FN:65,(anonymous_22)
FNF:21
FNH:0
FNDA:0,autoRows
FNDA:0,columns
FNDA:0,gap
FNDA:0,flow
FNDA:0,formatAreas
FNDA:0,(anonymous_7)
FNDA:0,(anonymous_8)
FNDA:0,(anonymous_9)
FNDA:0,(anonymous_10)
FNDA:0,(anonymous_11)
FNDA:0,(anonymous_12)
FNDA:0,(anonymous_13)
FNDA:0,(anonymous_14)
FNDA:0,(anonymous_15)
FNDA:0,(anonymous_16)
FNDA:0,(anonymous_17)
FNDA:0,(anonymous_18)
FNDA:0,(anonymous_19)
FNDA:0,(anonymous_20)
FNDA:0,(anonymous_21)
FNDA:0,(anonymous_22)
DA:1,0
DA:3,0
DA:5,0
DA:8,0
DA:10,0
DA:12,0
DA:14,0
DA:18,0
DA:21,0
DA:22,0
DA:24,0
DA:25,0
DA:32,0
DA:39,0
DA:44,0
DA:45,0
DA:46,0
DA:47,0
DA:48,0
DA:49,0
DA:50,0
DA:59,0
DA:65,0
LF:23
LH:0
BRDA:3,0,0,0
BRDA:3,0,1,0
BRDA:5,1,0,0
BRDA:5,1,1,0
BRDA:6,2,0,0
BRDA:6,2,1,0
BRDA:8,3,0,0
BRDA:8,3,1,0
BRDA:10,4,0,0
BRDA:10,4,1,0
BRDA:18,5,0,0
BRDA:18,5,1,0
BRDA:21,6,0,0
BRDA:21,6,1,0
BRDA:23,7,0,0
BRDA:23,7,1,0
BRDA:24,8,0,0
BRDA:24,8,1,0
BRDA:26,9,0,0
BRDA:26,9,1,0
BRDA:33,10,0,0
BRDA:33,10,1,0
BRDA:44,11,0,0
BRDA:44,11,1,0
BRDA:45,12,0,0
BRDA:45,12,1,0
BRDA:46,13,0,0
BRDA:46,13,1,0
BRDA:47,14,0,0
BRDA:47,14,1,0
BRDA:48,15,0,0
BRDA:48,15,1,0
BRDA:49,16,0,0
BRDA:49,16,1,0
BRDA:51,17,0,0
BRDA:51,17,1,0
BRDA:60,18,0,0
BRDA:60,18,1,0
BRDA:66,19,0,0
BRDA:66,19,1,0
BRF:40
BRH:0
end_of_record
TN:
SF:/Users/ajainvivek/Dev/preact-fluid/src/Link/Link.js
FNF:0
FNH:0
DA:1,0
DA:2,0
DA:3,0
DA:34,0
DA:41,0
DA:42,0
DA:44,0
LF:7
LH:0
BRDA:36,0,0,0
BRDA:36,0,1,0
BRDA:37,1,0,0
BRDA:37,1,1,0
BRDA:38,2,0,0
BRDA:38,2,1,0
BRF:6
BRH:0
end_of_record
TN:
SF:/Users/ajainvivek/Dev/preact-fluid/src/Link/styles.js
FN:5,(anonymous_2)
FN:26,(anonymous_3)
FNF:2
FNH:0
FNDA:0,(anonymous_2)
FNDA:0,(anonymous_3)
DA:1,0
DA:2,0
DA:4,0
DA:5,0
DA:26,0
DA:33,0
LF:6
LH:0
BRDA:27,0,0,0
BRDA:27,0,1,0
BRF:2
BRH:0
end_of_record
TN:
SF:/Users/ajainvivek/Dev/preact-fluid/src/List/List.js
FNF:0
FNH:0
DA:1,0
DA:2,0
DA:3,0
DA:22,0
DA:23,0
DA:24,0
DA:26,0
LF:7
LH:0
BRDA:23,0,0,0
BRDA:23,0,1,0
BRF:2
BRH:0
end_of_record
TN:
SF:/Users/ajainvivek/Dev/preact-fluid/src/List/ListFooter.js
FNF:0
FNH:0
DA:1,0
DA:2,0
DA:3,0
DA:4,0
DA:5,0
DA:22,0
DA:23,0
DA:24,0
DA:26,0
LF:9
LH:0
BRDA:23,0,0,0
BRDA:23,0,1,0
BRF:2
BRH:0
end_of_record
TN:
SF:/Users/ajainvivek/Dev/preact-fluid/src/List/ListHeader.js
FNF:0
FNH:0
DA:1,0
DA:2,0
DA:3,0
DA:20,0
DA:21,0
DA:22,0
DA:24,0
DA:26,0
DA:29,0
DA:37,0
DA:38,0
DA:39,0
DA:41,0
LF:13
LH:0
BRDA:38,0,0,0
BRDA:38,0,1,0
BRDA:21,1,0,0
BRDA:21,1,1,0
BRDA:21,2,0,0
BRDA:21,2,1,0
BRDA:24,3,0,0
BRDA:24,3,1,0
BRDA:24,4,0,0
BRDA:24,4,1,0
BRF:10
BRH:0
end_of_record
TN:
SF:/Users/ajainvivek/Dev/preact-fluid/src/List/ListItem.js
FN:61,innerRef
FNF:1
FNH:0
FNDA:0,innerRef
DA:1,0
DA:2,0
DA:3,0
DA:21,0
DA:23,0
DA:25,0
DA:28,0
DA:32,0
DA:34,0
DA:36,0
DA:39,0
DA:43,0
DA:45,0
DA:46,0
DA:50,0
DA:51,0
DA:52,0
DA:54,0
DA:61,0
LF:19
LH:0
BRDA:45,0,0,0
BRDA:45,0,1,0
BRDA:51,1,0,0
BRDA:51,1,1,0
BRDA:23,2,0,0
BRDA:23,2,1,0
BRDA:23,3,0,0
BRDA:23,3,1,0
BRDA:34,4,0,0
BRDA:34,4,1,0
BRDA:34,5,0,0
BRDA:34,5,1,0
BRF:12
BRH:0
end_of_record
TN:
SF:/Users/ajainvivek/Dev/preact-fluid/src/List/ListSection.js
FNF:0
FNH:0
DA:1,0
DA:2,0
DA:3,0
DA:20,0
DA:21,0
DA:22,0
DA:24,0
LF:7
LH:0
BRDA:21,0,0,0
BRDA:21,0,1,0
BRF:2
BRH:0
end_of_record
TN:
SF:/Users/ajainvivek/Dev/preact-fluid/src/List/styles.js
FN:5,(anonymous_2)
FN:6,(anonymous_3)
FN:20,(anonymous_4)
FN:29,(anonymous_5)
FN:31,(anonymous_6)
FN:43,(anonymous_7)
FN:46,(anonymous_8)
FN:55,(anonymous_9)
FN:62,(anonymous_10)
FN:74,(anonymous_11)
FN:87,(anonymous_12)
FN:91,(anonymous_13)
FN:94,(anonymous_14)
FN:95,(anonymous_15)
FN:106,(anonymous_16)
FN:109,(anonymous_17)
FN:120,(anonymous_18)
FN:123,(anonymous_19)
FN:126,(anonymous_20)
FN:127,(anonymous_21)
FN:138,(anonymous_22)
FN:141,(anonymous_23)
FN:144,(anonymous_24)
FN:145,(anonymous_25)
FNF:24
FNH:0
FNDA:0,(anonymous_2)
FNDA:0,(anonymous_3)
FNDA:0,(anonymous_4)
FNDA:0,(anonymous_5)
FNDA:0,(anonymous_6)
FNDA:0,(anonymous_7)
FNDA:0,(anonymous_8)
FNDA:0,(anonymous_9)
FNDA:0,(anonymous_10)
FNDA:0,(anonymous_11)
FNDA:0,(anonymous_12)
FNDA:0,(anonymous_13)
FNDA:0,(anonymous_14)
FNDA:0,(anonymous_15)
FNDA:0,(anonymous_16)
FNDA:0,(anonymous_17)
FNDA:0,(anonymous_18)
FNDA:0,(anonymous_19)
FNDA:0,(anonymous_20)
FNDA:0,(anonymous_21)
FNDA:0,(anonymous_22)
FNDA:0,(anonymous_23)
FNDA:0,(anonymous_24)
FNDA:0,(anonymous_25)
DA:1,0
DA:2,0
DA:4,0
DA:5,0
DA:6,0
DA:20,0
DA:27,0
DA:29,0
DA:31,0
DA:38,0
DA:43,0
DA:46,0
DA:53,0
DA:55,0
DA:62,0
DA:74,0
DA:87,0
DA:91,0
DA:94,0
DA:95,0
DA:102,0
DA:106,0
DA:109,0
DA:116,0
DA:120,0
DA:123,0
DA:126,0
DA:127,0
DA:134,0
DA:138,0
DA:141,0
DA:144,0
DA:145,0
DA:152,0
DA:156,0
DA:160,0
DA:164,0
DA:168,0
DA:172,0
DA:176,0
LF:40
LH:0
BRDA:21,0,0,0
BRDA:21,0,1,0
BRDA:32,1,0,0
BRDA:32,1,1,0
BRDA:47,2,0,0
BRDA:47,2,1,0
BRDA:92,3,0,0
BRDA:92,3,1,0
BRDA:96,4,0,0
BRDA:96,4,1,0
BRDA:110,5,0,0
BRDA:110,5,1,0
BRDA:124,6,0,0
BRDA:124,6,1,0
BRDA:128,7,0,0
BRDA:128,7,1,0
BRDA:142,8,0,0
BRDA:142,8,1,0
BRDA:146,9,0,0
BRDA:146,9,1,0
BRF:20
BRH:0
end_of_record
TN:
SF:/Users/ajainvivek/Dev/preact-fluid/src/Notify/Notify.js
FN:95,Notify
FN:110,(anonymous_10)
FN:115,close
FN:131,(anonymous_12)
FN:134,(anonymous_13)
FN:146,(anonymous_14)
FN:160,(anonymous_15)
FN:165,(anonymous_16)
FN:166,(anonymous_17)
FN:103,(anonymous_20)
FNF:10
FNH:0
FNDA:0,Notify
FNDA:0,(anonymous_10)
FNDA:0,close
FNDA:0,(anonymous_12)
FNDA:0,(anonymous_13)
FNDA:0,(anonymous_14)
FNDA:0,(anonymous_15)
FNDA:0,(anonymous_16)
FNDA:0,(anonymous_17)
FNDA:0,(anonymous_20)
DA:1,0
DA:2,0
DA:3,0
DA:4,0
DA:5,0
DA:6,0
DA:7,0
DA:8,0
DA:95,0
DA:97,0
DA:103,0
DA:104,0
DA:105,0
DA:106,0
DA:111,0
DA:112,0
DA:116,0
DA:122,0
DA:123,0
DA:127,0
DA:131,0
DA:132,0
DA:133,0
DA:134,0
DA:135,0
DA:139,0
DA:147,0
DA:148,0
DA:149,0
DA:152,0
DA:153,0
DA:157,0
DA:160,0
DA:161,0
DA:166,0
DA:171,0
DA:172,0
DA:173,0
LF:38
LH:0
BRDA:95,0,0,0
BRDA:95,0,1,0
BRDA:122,1,0,0
BRDA:122,1,1,0
BRDA:132,2,0,0
BRDA:132,2,1,0
BRDA:133,3,0,0
BRDA:133,3,1,0
BRDA:133,4,0,0
BRDA:133,4,1,0
BRDA:152,5,0,0
BRDA:152,5,1,0
BRDA:172,6,0,0
BRDA:172,6,1,0
BRDA:105,7,0,0
BRDA:105,7,1,0
BRF:16
BRH:0
end_of_record
TN:
SF:/Users/ajainvivek/Dev/preact-fluid/src/Notify/NotifyPanel.js
FNF:0
FNH:0
DA:1,0
DA:2,0
DA:3,0
DA:4,0
DA:5,0
DA:73,0
DA:79,0
DA:83,0
DA:84,0
DA:89,0
DA:90,0
DA:94,0
DA:105,0
DA:106,0
DA:108,0
LF:15
LH:0
BRDA:83,0,0,0
BRDA:83,0,1,0
BRDA:89,1,0,0
BRDA:89,1,1,0
BRDA:98,2,0,0
BRDA:98,2,1,0
BRDA:99,3,0,0
BRDA:99,3,1,0
BRDA:102,4,0,0
BRDA:102,4,1,0
BRDA:103,5,0,0
BRDA:103,5,1,0
BRDA:104,6,0,0
BRDA:104,6,1,0
BRF:14
BRH:0
end_of_record
TN:
SF:/Users/ajainvivek/Dev/preact-fluid/src/Notify/NotifyPortal.js
FN:9,NotifyPortal
FN:45,(anonymous_9)
FNF:2
FNH:0
FNDA:0,NotifyPortal
FNDA:0,(anonymous_9)
DA:1,0
DA:2,0
DA:3,0
DA:9,0
DA:11,0
DA:15,0
DA:16,0
DA:17,0
DA:18,0
DA:19,0
DA:20,0
DA:21,0
DA:22,0
DA:23,0
DA:25,0
DA:26,0
DA:29,0
DA:30,0
DA:31,0
DA:35,0
DA:36,0
DA:38,0
DA:45,0
LF:23
LH:0
BRDA:9,0,0,0
BRDA:9,0,1,0
BRDA:15,1,0,0
BRDA:15,1,1,0
BRDA:16,2,0,0
BRDA:16,2,1,0
BRDA:30,3,0,0
BRDA:30,3,1,0
BRDA:35,4,0,0
BRDA:35,4,1,0
BRF:10
BRH:0
end_of_record
TN:
SF:/Users/ajainvivek/Dev/preact-fluid/src/Notify/styles.js
FN:12,(anonymous_2)
FN:43,(anonymous_3)
FN:57,(anonymous_4)
FN:64,(anonymous_5)
FN:66,(anonymous_6)
FN:69,(anonymous_7)
FN:70,(anonymous_8)
FN:73,(anonymous_9)
FN:74,(anonymous_10)
FN:77,(anonymous_11)
FN:85,(anonymous_12)
FN:88,(anonymous_13)
FNF:12
FNH:0
FNDA:0,(anonymous_2)
FNDA:0,(anonymous_3)
FNDA:0,(anonymous_4)
FNDA:0,(anonymous_5)
FNDA:0,(anonymous_6)
FNDA:0,(anonymous_7)
FNDA:0,(anonymous_8)
FNDA:0,(anonymous_9)
FNDA:0,(anonymous_10)
FNDA:0,(anonymous_11)
FNDA:0,(anonymous_12)
FNDA:0,(anonymous_13)
DA:1,0
DA:2,0
DA:3,0
DA:5,0
DA:10,0
DA:12,0
DA:43,0
DA:57,0
DA:64,0
DA:66,0
DA:69,0
DA:70,0
DA:73,0
DA:74,0
DA:77,0
DA:85,0
DA:88,0
DA:95,0
DA:99,0
LF:19
LH:0
BRDA:67,0,0,0
BRDA:67,0,1,0
BRDA:71,1,0,0
BRDA:71,1,1,0
BRDA:75,2,0,0
BRDA:75,2,1,0
BRDA:89,3,0,0
BRDA:89,3,1,0
BRF:8
BRH:0
end_of_record
TN:
SF:/Users/ajainvivek/Dev/preact-fluid/src/ThemeProvider/ThemeProvider.js
FNF:0
FNH:0
DA:1,0
DA:2,0
DA:3,0
DA:12,0
DA:13,0
DA:14,0
DA:15,0
DA:17,0
DA:19,0
DA:20,0
LF:10
LH:0
BRDA:14,0,0,0
BRDA:14,0,1,0
BRDA:14,1,0,0
BRDA:14,1,1,0
BRDA:15,2,0,0
BRDA:15,2,1,0
BRDA:20,3,0,0
BRDA:20,3,1,0
BRDA:20,3,2,0
BRF:9
BRH:0
end_of_record
TN:
SF:/Users/ajainvivek/Dev/preact-fluid/src/Tooltip/Tooltip.js
FNF:0
FNH:0
DA:1,0
DA:2,0
DA:3,0
DA:49,0
DA:58,0
DA:59,0
DA:61,0
LF:7
LH:0
BRDA:51,0,0,0
BRDA:51,0,1,0
BRF:2
BRH:0
end_of_record
TN:
SF:/Users/ajainvivek/Dev/preact-fluid/src/Tooltip/styles.js
FN:22,(anonymous_2)
FN:31,(anonymous_3)
FN:40,(anonymous_4)
FN:49,(anonymous_5)
FN:70,(anonymous_6)
FN:76,(anonymous_7)
FN:82,(anonymous_8)
FN:88,(anonymous_9)
FN:94,(anonymous_10)
FN:106,(anonymous_11)
FN:110,(anonymous_12)
FN:114,(anonymous_13)
FN:118,(anonymous_14)
FN:129,(anonymous_15)
FN:133,(anonymous_16)
FN:137,(anonymous_17)
FN:141,(anonymous_18)
FN:151,(anonymous_19)
FN:155,(anonymous_20)
FN:159,(anonymous_21)
FN:163,(anonymous_22)
FN:173,(anonymous_23)
FN:177,(anonymous_24)
FN:181,(anonymous_25)
FN:185,(anonymous_26)
FN:195,(anonymous_27)
FN:199,(anonymous_28)
FN:203,(anonymous_29)
FN:207,(anonymous_30)
FN:218,(anonymous_31)
FNF:30
FNH:0
FNDA:0,(anonymous_2)
FNDA:0,(anonymous_3)
FNDA:0,(anonymous_4)
FNDA:0,(anonymous_5)
FNDA:0,(anonymous_6)
FNDA:0,(anonymous_7)
FNDA:0,(anonymous_8)
FNDA:0,(anonymous_9)
FNDA:0,(anonymous_10)
FNDA:0,(anonymous_11)
FNDA:0,(anonymous_12)
FNDA:0,(anonymous_13)
FNDA:0,(anonymous_14)
FNDA:0,(anonymous_15)
FNDA:0,(anonymous_16)
FNDA:0,(anonymous_17)
FNDA:0,(anonymous_18)
FNDA:0,(anonymous_19)
FNDA:0,(anonymous_20)
FNDA:0,(anonymous_21)
FNDA:0,(anonymous_22)
FNDA:0,(anonymous_23)
FNDA:0,(anonymous_24)
FNDA:0,(anonymous_25)
FNDA:0,(anonymous_26)
FNDA:0,(anonymous_27)
FNDA:0,(anonymous_28)
FNDA:0,(anonymous_29)
FNDA:0,(anonymous_30)
FNDA:0,(anonymous_31)
DA:1,0
DA:2,0
DA:4,0
DA:22,0
DA:31,0
DA:40,0
DA:49,0
DA:70,0
DA:76,0
DA:82,0
DA:88,0
DA:94,0
DA:106,0
DA:110,0
DA:114,0
DA:118,0
DA:129,0
DA:133,0
DA:137,0
DA:141,0
DA:151,0
DA:155,0
DA:159,0
DA:163,0
DA:173,0
DA:177,0
DA:181,0
DA:185,0
DA:195,0
DA:199,0
DA:203,0
DA:207,0
DA:218,0
DA:225,0
LF:34
LH:0
BRDA:23,0,0,0
BRDA:23,0,1,0
BRDA:32,1,0,0
BRDA:32,1,1,0
BRDA:41,2,0,0
BRDA:41,2,1,0
BRDA:50,3,0,0
BRDA:50,3,1,0
BRDA:71,4,0,0
BRDA:71,4,1,0
BRDA:77,5,0,0
BRDA:77,5,1,0
BRDA:83,6,0,0
BRDA:83,6,1,0
BRDA:89,7,0,0
BRDA:89,7,1,0
BRDA:95,8,0,0
BRDA:95,8,1,0
BRDA:107,9,0,0
BRDA:107,9,1,0
BRDA:111,10,0,0
BRDA:111,10,1,0
BRDA:115,11,0,0
BRDA:115,11,1,0
BRDA:119,12,0,0
BRDA:119,12,1,0
BRDA:130,13,0,0
BRDA:130,13,1,0
BRDA:134,14,0,0
BRDA:134,14,1,0
BRDA:138,15,0,0
BRDA:138,15,1,0
BRDA:142,16,0,0
BRDA:142,16,1,0
BRDA:152,17,0,0
BRDA:152,17,1,0
BRDA:156,18,0,0
BRDA:156,18,1,0
BRDA:160,19,0,0
BRDA:160,19,1,0
BRDA:164,20,0,0
BRDA:164,20,1,0
BRDA:174,21,0,0
BRDA:174,21,1,0
BRDA:178,22,0,0
BRDA:178,22,1,0
BRDA:182,23,0,0
BRDA:182,23,1,0
BRDA:186,24,0,0
BRDA:186,24,1,0
BRDA:196,25,0,0
BRDA:196,25,1,0
BRDA:200,26,0,0
BRDA:200,26,1,0
BRDA:204,27,0,0
BRDA:204,27,1,0
BRDA:208,28,0,0
BRDA:208,28,1,0
BRDA:219,29,0,0
BRDA:219,29,1,0
BRF:60
BRH:0
end_of_record
